{"/Users/riwhiz/Desktop/Projects/Checkpoint_3/server.js":{"path":"/Users/riwhiz/Desktop/Projects/Checkpoint_3/server.js","s":{"1":1,"2":1,"3":1,"4":1,"5":1,"6":1,"7":1,"8":1,"9":1,"10":1,"11":1,"12":1,"13":1,"14":1,"15":1,"16":1,"17":1,"18":1,"19":1,"20":1,"21":1,"22":1,"23":1,"24":1,"25":1,"26":1,"27":1},"b":{"1":[1,1]},"f":{},"fnMap":{},"statementMap":{"1":{"start":{"line":2,"column":0},"end":{"line":2,"column":35}},"2":{"start":{"line":3,"column":0},"end":{"line":3,"column":37}},"3":{"start":{"line":4,"column":0},"end":{"line":4,"column":42}},"4":{"start":{"line":5,"column":0},"end":{"line":5,"column":37}},"5":{"start":{"line":6,"column":0},"end":{"line":6,"column":39}},"6":{"start":{"line":7,"column":0},"end":{"line":7,"column":25}},"7":{"start":{"line":9,"column":0},"end":{"line":9,"column":22}},"8":{"start":{"line":11,"column":0},"end":{"line":11,"column":38}},"9":{"start":{"line":13,"column":0},"end":{"line":13,"column":33}},"10":{"start":{"line":14,"column":0},"end":{"line":14,"column":42}},"11":{"start":{"line":15,"column":0},"end":{"line":15,"column":46}},"12":{"start":{"line":16,"column":0},"end":{"line":16,"column":43}},"13":{"start":{"line":19,"column":0},"end":{"line":19,"column":34}},"14":{"start":{"line":20,"column":0},"end":{"line":20,"column":47}},"15":{"start":{"line":24,"column":0},"end":{"line":24,"column":23}},"16":{"start":{"line":25,"column":0},"end":{"line":25,"column":42}},"17":{"start":{"line":26,"column":0},"end":{"line":26,"column":51}},"18":{"start":{"line":27,"column":0},"end":{"line":27,"column":27}},"19":{"start":{"line":28,"column":0},"end":{"line":32,"column":4}},"20":{"start":{"line":33,"column":0},"end":{"line":33,"column":31}},"21":{"start":{"line":34,"column":0},"end":{"line":34,"column":28}},"22":{"start":{"line":35,"column":0},"end":{"line":35,"column":17}},"23":{"start":{"line":37,"column":0},"end":{"line":37,"column":30}},"24":{"start":{"line":40,"column":0},"end":{"line":40,"column":22}},"25":{"start":{"line":44,"column":0},"end":{"line":44,"column":17}},"26":{"start":{"line":45,"column":0},"end":{"line":45,"column":44}},"27":{"start":{"line":47,"column":0},"end":{"line":47,"column":21}}},"branchMap":{"1":{"line":11,"type":"binary-expr","locations":[{"start":{"line":11,"column":13},"end":{"line":11,"column":29}},{"start":{"line":11,"column":33},"end":{"line":11,"column":37}}]}}},"/Users/riwhiz/Desktop/Projects/Checkpoint_3/server/routes/index.js":{"path":"/Users/riwhiz/Desktop/Projects/Checkpoint_3/server/routes/index.js","s":{"1":1,"2":1,"3":1,"4":1,"5":1,"6":1,"7":1,"8":1},"b":{},"f":{},"fnMap":{},"statementMap":{"1":{"start":{"line":1,"column":0},"end":{"line":1,"column":37}},"2":{"start":{"line":2,"column":0},"end":{"line":2,"column":45}},"3":{"start":{"line":3,"column":0},"end":{"line":3,"column":39}},"4":{"start":{"line":5,"column":0},"end":{"line":9,"column":2}},"5":{"start":{"line":6,"column":2},"end":{"line":6,"column":36}},"6":{"start":{"line":7,"column":2},"end":{"line":7,"column":44}},"7":{"start":{"line":8,"column":2},"end":{"line":8,"column":37}},"8":{"start":{"line":11,"column":0},"end":{"line":11,"column":24}}},"branchMap":{}},"/Users/riwhiz/Desktop/Projects/Checkpoint_3/server/routes/user.js":{"path":"/Users/riwhiz/Desktop/Projects/Checkpoint_3/server/routes/user.js","s":{"1":1,"2":1,"3":1,"4":1,"5":1,"6":0,"7":0,"8":0,"9":1,"10":1,"11":1,"12":1},"b":{},"f":{},"fnMap":{},"statementMap":{"1":{"start":{"line":2,"column":0},"end":{"line":2,"column":35}},"2":{"start":{"line":3,"column":0},"end":{"line":3,"column":49}},"3":{"start":{"line":5,"column":0},"end":{"line":5,"column":32}},"4":{"start":{"line":15,"column":2},"end":{"line":16,"column":27}},"5":{"start":{"line":18,"column":2},"end":{"line":23,"column":5}},"6":{"start":{"line":20,"column":4},"end":{"line":20,"column":44}},"7":{"start":{"line":21,"column":4},"end":{"line":21,"column":37}},"8":{"start":{"line":22,"column":4},"end":{"line":22,"column":11}},"9":{"start":{"line":31,"column":2},"end":{"line":32,"column":28}},"10":{"start":{"line":34,"column":2},"end":{"line":37,"column":24}},"11":{"start":{"line":39,"column":2},"end":{"line":42,"column":34}},"12":{"start":{"line":44,"column":0},"end":{"line":44,"column":24}}},"branchMap":{}},"/Users/riwhiz/Desktop/Projects/Checkpoint_3/server/controllers/user.js":{"path":"/Users/riwhiz/Desktop/Projects/Checkpoint_3/server/controllers/user.js","s":{"1":1,"2":1,"3":1,"4":1,"5":1,"6":3,"7":3,"8":3,"9":3,"10":0,"11":0,"12":3,"13":0,"14":0,"15":0,"16":0,"17":0,"18":0,"19":0,"20":0,"21":0,"22":0,"23":0,"24":0,"25":0,"26":0,"27":0,"28":0,"29":0,"30":0,"31":0,"32":0,"33":0,"34":0,"35":0,"36":0,"37":0,"38":0,"39":0,"40":0,"41":0,"42":0,"43":0,"44":0,"45":0,"46":0,"47":0,"48":0,"49":0,"50":0,"51":0,"52":0,"53":0,"54":0,"55":0,"56":0,"57":0,"58":0,"59":0,"60":0,"61":0,"62":0,"63":0,"64":0,"65":0,"66":4,"67":4,"68":0,"69":4,"70":4,"71":4,"72":0,"73":0,"74":0,"75":0,"76":0,"77":0,"78":1,"79":4,"80":4,"81":4,"82":4,"83":1},"b":{"1":[3,3,2],"2":[3,0],"3":[0,3],"4":[0,0],"5":[0,0],"6":[0,0],"7":[0,0],"8":[0,0],"9":[0,0],"10":[0,0],"11":[0,0],"12":[0,0],"13":[0,0],"14":[0,0],"15":[0,0],"16":[0,0],"17":[0,0],"18":[0,0],"19":[0,0],"20":[0,0],"21":[0,0],"22":[0,4],"23":[4,0],"24":[0,0,0],"25":[0,0]},"f":{"1":4},"fnMap":{"1":{"name":"generateToken","line":156,"loc":{"start":{"line":156,"column":0},"end":{"line":156,"column":39}}}},"statementMap":{"1":{"start":{"line":1,"column":0},"end":{"line":1,"column":25}},"2":{"start":{"line":2,"column":0},"end":{"line":2,"column":41}},"3":{"start":{"line":3,"column":0},"end":{"line":3,"column":29}},"4":{"start":{"line":5,"column":0},"end":{"line":5,"column":34}},"5":{"start":{"line":7,"column":0},"end":{"line":151,"column":2}},"6":{"start":{"line":10,"column":4},"end":{"line":10,"column":85}},"7":{"start":{"line":11,"column":4},"end":{"line":18,"column":5}},"8":{"start":{"line":12,"column":6},"end":{"line":12,"column":48}},"9":{"start":{"line":13,"column":6},"end":{"line":16,"column":7}},"10":{"start":{"line":14,"column":8},"end":{"line":14,"column":53}},"11":{"start":{"line":15,"column":8},"end":{"line":15,"column":24}},"12":{"start":{"line":17,"column":6},"end":{"line":17,"column":21}},"13":{"start":{"line":19,"column":4},"end":{"line":19,"column":55}},"14":{"start":{"line":20,"column":4},"end":{"line":20,"column":20}},"15":{"start":{"line":23,"column":4},"end":{"line":23,"column":51}},"16":{"start":{"line":24,"column":4},"end":{"line":26,"column":5}},"17":{"start":{"line":25,"column":6},"end":{"line":25,"column":69}},"18":{"start":{"line":27,"column":4},"end":{"line":27,"column":47}},"19":{"start":{"line":29,"column":4},"end":{"line":58,"column":7}},"20":{"start":{"line":30,"column":6},"end":{"line":57,"column":7}},"21":{"start":{"line":31,"column":8},"end":{"line":31,"column":32}},"22":{"start":{"line":33,"column":8},"end":{"line":33,"column":42}},"23":{"start":{"line":34,"column":8},"end":{"line":34,"column":45}},"24":{"start":{"line":35,"column":8},"end":{"line":35,"column":43}},"25":{"start":{"line":36,"column":8},"end":{"line":36,"column":36}},"26":{"start":{"line":37,"column":8},"end":{"line":37,"column":61}},"27":{"start":{"line":38,"column":8},"end":{"line":42,"column":9}},"28":{"start":{"line":39,"column":10},"end":{"line":39,"column":46}},"29":{"start":{"line":41,"column":10},"end":{"line":41,"column":29}},"30":{"start":{"line":45,"column":8},"end":{"line":54,"column":11}},"31":{"start":{"line":46,"column":10},"end":{"line":53,"column":11}},"32":{"start":{"line":47,"column":12},"end":{"line":50,"column":15}},"33":{"start":{"line":52,"column":12},"end":{"line":52,"column":68}},"34":{"start":{"line":56,"column":8},"end":{"line":56,"column":65}},"35":{"start":{"line":61,"column":4},"end":{"line":70,"column":7}},"36":{"start":{"line":62,"column":6},"end":{"line":64,"column":7}},"37":{"start":{"line":63,"column":8},"end":{"line":63,"column":29}},"38":{"start":{"line":65,"column":6},"end":{"line":69,"column":9}},"39":{"start":{"line":74,"column":4},"end":{"line":79,"column":7}},"40":{"start":{"line":75,"column":6},"end":{"line":77,"column":7}},"41":{"start":{"line":76,"column":8},"end":{"line":76,"column":38}},"42":{"start":{"line":78,"column":6},"end":{"line":78,"column":21}},"43":{"start":{"line":82,"column":4},"end":{"line":112,"column":7}},"44":{"start":{"line":83,"column":6},"end":{"line":83,"column":53}},"45":{"start":{"line":84,"column":6},"end":{"line":86,"column":7}},"46":{"start":{"line":85,"column":8},"end":{"line":85,"column":71}},"47":{"start":{"line":87,"column":6},"end":{"line":87,"column":49}},"48":{"start":{"line":88,"column":6},"end":{"line":111,"column":7}},"49":{"start":{"line":89,"column":8},"end":{"line":89,"column":71}},"50":{"start":{"line":93,"column":8},"end":{"line":93,"column":59}},"51":{"start":{"line":94,"column":8},"end":{"line":94,"column":64}},"52":{"start":{"line":95,"column":8},"end":{"line":95,"column":61}},"53":{"start":{"line":96,"column":8},"end":{"line":96,"column":50}},"54":{"start":{"line":97,"column":8},"end":{"line":97,"column":61}},"55":{"start":{"line":99,"column":8},"end":{"line":103,"column":9}},"56":{"start":{"line":100,"column":10},"end":{"line":100,"column":49}},"57":{"start":{"line":102,"column":10},"end":{"line":102,"column":29}},"58":{"start":{"line":105,"column":8},"end":{"line":110,"column":11}},"59":{"start":{"line":106,"column":10},"end":{"line":108,"column":11}},"60":{"start":{"line":107,"column":12},"end":{"line":107,"column":26}},"61":{"start":{"line":109,"column":10},"end":{"line":109,"column":54}},"62":{"start":{"line":116,"column":4},"end":{"line":123,"column":7}},"63":{"start":{"line":119,"column":6},"end":{"line":121,"column":7}},"64":{"start":{"line":120,"column":8},"end":{"line":120,"column":22}},"65":{"start":{"line":122,"column":6},"end":{"line":122,"column":52}},"66":{"start":{"line":126,"column":4},"end":{"line":139,"column":7}},"67":{"start":{"line":127,"column":6},"end":{"line":129,"column":7}},"68":{"start":{"line":128,"column":8},"end":{"line":128,"column":38}},"69":{"start":{"line":130,"column":6},"end":{"line":138,"column":7}},"70":{"start":{"line":131,"column":8},"end":{"line":131,"column":62}},"71":{"start":{"line":133,"column":8},"end":{"line":135,"column":19}},"72":{"start":{"line":137,"column":8},"end":{"line":137,"column":63}},"73":{"start":{"line":143,"column":4},"end":{"line":143,"column":83}},"74":{"start":{"line":144,"column":4},"end":{"line":149,"column":5}},"75":{"start":{"line":145,"column":6},"end":{"line":145,"column":17}},"76":{"start":{"line":146,"column":6},"end":{"line":146,"column":26}},"77":{"start":{"line":148,"column":6},"end":{"line":148,"column":46}},"78":{"start":{"line":156,"column":0},"end":{"line":165,"column":1}},"79":{"start":{"line":157,"column":2},"end":{"line":161,"column":4}},"80":{"start":{"line":162,"column":2},"end":{"line":162,"column":54}},"81":{"start":{"line":163,"column":2},"end":{"line":163,"column":30}},"82":{"start":{"line":164,"column":2},"end":{"line":164,"column":15}},"83":{"start":{"line":167,"column":0},"end":{"line":167,"column":27}}},"branchMap":{"1":{"line":10,"type":"binary-expr","locations":[{"start":{"line":10,"column":18},"end":{"line":10,"column":32}},{"start":{"line":10,"column":36},"end":{"line":10,"column":51}},{"start":{"line":10,"column":55},"end":{"line":10,"column":84}}]},"2":{"line":11,"type":"if","locations":[{"start":{"line":11,"column":4},"end":{"line":11,"column":4}},{"start":{"line":11,"column":4},"end":{"line":11,"column":4}}]},"3":{"line":13,"type":"if","locations":[{"start":{"line":13,"column":6},"end":{"line":13,"column":6}},{"start":{"line":13,"column":6},"end":{"line":13,"column":6}}]},"4":{"line":24,"type":"if","locations":[{"start":{"line":24,"column":4},"end":{"line":24,"column":4}},{"start":{"line":24,"column":4},"end":{"line":24,"column":4}}]},"5":{"line":30,"type":"if","locations":[{"start":{"line":30,"column":6},"end":{"line":30,"column":6}},{"start":{"line":30,"column":6},"end":{"line":30,"column":6}}]},"6":{"line":38,"type":"if","locations":[{"start":{"line":38,"column":8},"end":{"line":38,"column":8}},{"start":{"line":38,"column":8},"end":{"line":38,"column":8}}]},"7":{"line":39,"type":"binary-expr","locations":[{"start":{"line":39,"column":22},"end":{"line":39,"column":35}},{"start":{"line":39,"column":39},"end":{"line":39,"column":45}}]},"8":{"line":46,"type":"if","locations":[{"start":{"line":46,"column":10},"end":{"line":46,"column":10}},{"start":{"line":46,"column":10},"end":{"line":46,"column":10}}]},"9":{"line":62,"type":"if","locations":[{"start":{"line":62,"column":6},"end":{"line":62,"column":6}},{"start":{"line":62,"column":6},"end":{"line":62,"column":6}}]},"10":{"line":75,"type":"if","locations":[{"start":{"line":75,"column":6},"end":{"line":75,"column":6}},{"start":{"line":75,"column":6},"end":{"line":75,"column":6}}]},"11":{"line":84,"type":"if","locations":[{"start":{"line":84,"column":6},"end":{"line":84,"column":6}},{"start":{"line":84,"column":6},"end":{"line":84,"column":6}}]},"12":{"line":88,"type":"if","locations":[{"start":{"line":88,"column":6},"end":{"line":88,"column":6}},{"start":{"line":88,"column":6},"end":{"line":88,"column":6}}]},"13":{"line":88,"type":"binary-expr","locations":[{"start":{"line":88,"column":10},"end":{"line":88,"column":13}},{"start":{"line":88,"column":17},"end":{"line":88,"column":22}}]},"14":{"line":93,"type":"binary-expr","locations":[{"start":{"line":93,"column":24},"end":{"line":93,"column":41}},{"start":{"line":93,"column":45},"end":{"line":93,"column":58}}]},"15":{"line":94,"type":"binary-expr","locations":[{"start":{"line":94,"column":26},"end":{"line":94,"column":44}},{"start":{"line":94,"column":48},"end":{"line":94,"column":63}}]},"16":{"line":95,"type":"binary-expr","locations":[{"start":{"line":95,"column":25},"end":{"line":95,"column":42}},{"start":{"line":95,"column":46},"end":{"line":95,"column":60}}]},"17":{"line":96,"type":"binary-expr","locations":[{"start":{"line":96,"column":21},"end":{"line":96,"column":35}},{"start":{"line":96,"column":39},"end":{"line":96,"column":49}}]},"18":{"line":99,"type":"if","locations":[{"start":{"line":99,"column":8},"end":{"line":99,"column":8}},{"start":{"line":99,"column":8},"end":{"line":99,"column":8}}]},"19":{"line":100,"type":"binary-expr","locations":[{"start":{"line":100,"column":22},"end":{"line":100,"column":35}},{"start":{"line":100,"column":39},"end":{"line":100,"column":48}}]},"20":{"line":106,"type":"if","locations":[{"start":{"line":106,"column":10},"end":{"line":106,"column":10}},{"start":{"line":106,"column":10},"end":{"line":106,"column":10}}]},"21":{"line":119,"type":"if","locations":[{"start":{"line":119,"column":6},"end":{"line":119,"column":6}},{"start":{"line":119,"column":6},"end":{"line":119,"column":6}}]},"22":{"line":127,"type":"if","locations":[{"start":{"line":127,"column":6},"end":{"line":127,"column":6}},{"start":{"line":127,"column":6},"end":{"line":127,"column":6}}]},"23":{"line":130,"type":"if","locations":[{"start":{"line":130,"column":6},"end":{"line":130,"column":6}},{"start":{"line":130,"column":6},"end":{"line":130,"column":6}}]},"24":{"line":143,"type":"binary-expr","locations":[{"start":{"line":143,"column":16},"end":{"line":143,"column":30}},{"start":{"line":143,"column":34},"end":{"line":143,"column":49}},{"start":{"line":143,"column":53},"end":{"line":143,"column":82}}]},"25":{"line":144,"type":"if","locations":[{"start":{"line":144,"column":4},"end":{"line":144,"column":4}},{"start":{"line":144,"column":4},"end":{"line":144,"column":4}}]}}},"/Users/riwhiz/Desktop/Projects/Checkpoint_3/server/models/user.js":{"path":"/Users/riwhiz/Desktop/Projects/Checkpoint_3/server/models/user.js","s":{"1":1,"2":1,"3":1,"4":1,"5":1,"6":0,"7":1,"8":4,"9":1},"b":{},"f":{},"fnMap":{},"statementMap":{"1":{"start":{"line":1,"column":0},"end":{"line":1,"column":37}},"2":{"start":{"line":2,"column":0},"end":{"line":2,"column":40}},"3":{"start":{"line":4,"column":0},"end":{"line":4,"column":31}},"4":{"start":{"line":6,"column":0},"end":{"line":15,"column":3}},"5":{"start":{"line":18,"column":0},"end":{"line":20,"column":2}},"6":{"start":{"line":19,"column":2},"end":{"line":19,"column":64}},"7":{"start":{"line":23,"column":0},"end":{"line":26,"column":2}},"8":{"start":{"line":25,"column":2},"end":{"line":25,"column":53}},"9":{"start":{"line":28,"column":0},"end":{"line":28,"column":52}}},"branchMap":{}},"/Users/riwhiz/Desktop/Projects/Checkpoint_3/server/routes/document.js":{"path":"/Users/riwhiz/Desktop/Projects/Checkpoint_3/server/routes/document.js","s":{"1":1,"2":1,"3":1,"4":1,"5":0,"6":0,"7":0,"8":1,"9":1,"10":1},"b":{},"f":{},"fnMap":{},"statementMap":{"1":{"start":{"line":2,"column":0},"end":{"line":2,"column":43}},"2":{"start":{"line":3,"column":0},"end":{"line":3,"column":57}},"3":{"start":{"line":4,"column":0},"end":{"line":4,"column":49}},"4":{"start":{"line":12,"column":2},"end":{"line":17,"column":5}},"5":{"start":{"line":14,"column":4},"end":{"line":14,"column":44}},"6":{"start":{"line":15,"column":4},"end":{"line":15,"column":37}},"7":{"start":{"line":16,"column":4},"end":{"line":16,"column":11}},"8":{"start":{"line":19,"column":2},"end":{"line":23,"column":28}},"9":{"start":{"line":25,"column":2},"end":{"line":32,"column":37}},"10":{"start":{"line":34,"column":0},"end":{"line":34,"column":24}}},"branchMap":{}},"/Users/riwhiz/Desktop/Projects/Checkpoint_3/server/controllers/document.js":{"path":"/Users/riwhiz/Desktop/Projects/Checkpoint_3/server/controllers/document.js","s":{"1":1,"2":1,"3":1,"4":0,"5":0,"6":0,"7":0,"8":0,"9":0,"10":0,"11":0,"12":0,"13":0,"14":0,"15":0,"16":0,"17":0,"18":0,"19":0,"20":0,"21":0,"22":0,"23":0,"24":0,"25":0,"26":0,"27":0,"28":0,"29":0,"30":0,"31":0,"32":0,"33":0,"34":0,"35":0,"36":0,"37":0,"38":0,"39":0,"40":0,"41":0,"42":0,"43":0,"44":0,"45":0,"46":0,"47":0,"48":0,"49":0,"50":0,"51":0,"52":0,"53":0,"54":0,"55":0,"56":0,"57":0,"58":0,"59":0,"60":0,"61":0,"62":0,"63":0,"64":0,"65":0,"66":0,"67":0,"68":0,"69":0,"70":0,"71":0,"72":0,"73":0,"74":0,"75":0,"76":0,"77":0,"78":1},"b":{"1":[0,0],"2":[0,0],"3":[0,0],"4":[0,0],"5":[0,0],"6":[0,0,0],"7":[0,0,0],"8":[0,0,0],"9":[0,0],"10":[0,0],"11":[0,0],"12":[0,0],"13":[0,0],"14":[0,0],"15":[0,0],"16":[0,0],"17":[0,0],"18":[0,0],"19":[0,0],"20":[0,0],"21":[0,0]},"f":{},"fnMap":{},"statementMap":{"1":{"start":{"line":1,"column":0},"end":{"line":1,"column":49}},"2":{"start":{"line":2,"column":0},"end":{"line":2,"column":36}},"3":{"start":{"line":4,"column":0},"end":{"line":134,"column":2}},"4":{"start":{"line":6,"column":4},"end":{"line":6,"column":51}},"5":{"start":{"line":7,"column":4},"end":{"line":9,"column":5}},"6":{"start":{"line":8,"column":6},"end":{"line":8,"column":69}},"7":{"start":{"line":10,"column":4},"end":{"line":10,"column":47}},"8":{"start":{"line":11,"column":4},"end":{"line":11,"column":33}},"9":{"start":{"line":12,"column":4},"end":{"line":12,"column":36}},"10":{"start":{"line":13,"column":4},"end":{"line":13,"column":36}},"11":{"start":{"line":14,"column":4},"end":{"line":14,"column":40}},"12":{"start":{"line":16,"column":4},"end":{"line":22,"column":5}},"13":{"start":{"line":17,"column":6},"end":{"line":17,"column":62}},"14":{"start":{"line":18,"column":6},"end":{"line":18,"column":38}},"15":{"start":{"line":20,"column":6},"end":{"line":20,"column":38}},"16":{"start":{"line":21,"column":6},"end":{"line":21,"column":29}},"17":{"start":{"line":25,"column":4},"end":{"line":33,"column":7}},"18":{"start":{"line":26,"column":6},"end":{"line":28,"column":7}},"19":{"start":{"line":27,"column":8},"end":{"line":27,"column":54}},"20":{"start":{"line":29,"column":6},"end":{"line":32,"column":9}},"21":{"start":{"line":36,"column":4},"end":{"line":36,"column":51}},"22":{"start":{"line":37,"column":4},"end":{"line":39,"column":5}},"23":{"start":{"line":38,"column":6},"end":{"line":38,"column":69}},"24":{"start":{"line":40,"column":4},"end":{"line":40,"column":47}},"25":{"start":{"line":41,"column":4},"end":{"line":41,"column":33}},"26":{"start":{"line":42,"column":4},"end":{"line":42,"column":73}},"27":{"start":{"line":43,"column":4},"end":{"line":43,"column":69}},"28":{"start":{"line":44,"column":4},"end":{"line":44,"column":89}},"29":{"start":{"line":45,"column":4},"end":{"line":45,"column":14}},"30":{"start":{"line":47,"column":4},"end":{"line":69,"column":5}},"31":{"start":{"line":48,"column":6},"end":{"line":55,"column":7}},"32":{"start":{"line":49,"column":8},"end":{"line":49,"column":42}},"33":{"start":{"line":50,"column":8},"end":{"line":50,"column":57}},"34":{"start":{"line":51,"column":8},"end":{"line":51,"column":41}},"35":{"start":{"line":52,"column":8},"end":{"line":52,"column":49}},"36":{"start":{"line":54,"column":8},"end":{"line":54,"column":72}},"37":{"start":{"line":56,"column":6},"end":{"line":56,"column":30}},"38":{"start":{"line":57,"column":11},"end":{"line":69,"column":5}},"39":{"start":{"line":58,"column":6},"end":{"line":58,"column":40}},"40":{"start":{"line":59,"column":6},"end":{"line":59,"column":55}},"41":{"start":{"line":61,"column":6},"end":{"line":64,"column":11}},"42":{"start":{"line":66,"column":6},"end":{"line":68,"column":9}},"43":{"start":{"line":70,"column":4},"end":{"line":76,"column":9}},"44":{"start":{"line":73,"column":8},"end":{"line":75,"column":9}},"45":{"start":{"line":74,"column":10},"end":{"line":74,"column":56}},"46":{"start":{"line":79,"column":4},"end":{"line":84,"column":7}},"47":{"start":{"line":80,"column":6},"end":{"line":82,"column":7}},"48":{"start":{"line":81,"column":8},"end":{"line":81,"column":35}},"49":{"start":{"line":83,"column":6},"end":{"line":83,"column":32}},"50":{"start":{"line":87,"column":4},"end":{"line":87,"column":51}},"51":{"start":{"line":88,"column":4},"end":{"line":90,"column":5}},"52":{"start":{"line":89,"column":6},"end":{"line":89,"column":69}},"53":{"start":{"line":91,"column":4},"end":{"line":91,"column":47}},"54":{"start":{"line":92,"column":4},"end":{"line":92,"column":33}},"55":{"start":{"line":94,"column":4},"end":{"line":118,"column":7}},"56":{"start":{"line":95,"column":6},"end":{"line":97,"column":7}},"57":{"start":{"line":96,"column":8},"end":{"line":96,"column":75}},"58":{"start":{"line":98,"column":6},"end":{"line":100,"column":7}},"59":{"start":{"line":99,"column":8},"end":{"line":99,"column":67}},"60":{"start":{"line":102,"column":6},"end":{"line":102,"column":38}},"61":{"start":{"line":103,"column":6},"end":{"line":103,"column":42}},"62":{"start":{"line":104,"column":6},"end":{"line":104,"column":29}},"63":{"start":{"line":105,"column":6},"end":{"line":105,"column":39}},"64":{"start":{"line":106,"column":6},"end":{"line":110,"column":7}},"65":{"start":{"line":107,"column":8},"end":{"line":107,"column":52}},"66":{"start":{"line":109,"column":8},"end":{"line":109,"column":40}},"67":{"start":{"line":112,"column":6},"end":{"line":117,"column":9}},"68":{"start":{"line":113,"column":8},"end":{"line":115,"column":9}},"69":{"start":{"line":114,"column":10},"end":{"line":114,"column":31}},"70":{"start":{"line":116,"column":8},"end":{"line":116,"column":58}},"71":{"start":{"line":121,"column":4},"end":{"line":121,"column":51}},"72":{"start":{"line":122,"column":4},"end":{"line":124,"column":5}},"73":{"start":{"line":123,"column":6},"end":{"line":123,"column":69}},"74":{"start":{"line":125,"column":4},"end":{"line":132,"column":7}},"75":{"start":{"line":128,"column":6},"end":{"line":130,"column":7}},"76":{"start":{"line":129,"column":8},"end":{"line":129,"column":23}},"77":{"start":{"line":131,"column":6},"end":{"line":131,"column":52}},"78":{"start":{"line":136,"column":0},"end":{"line":136,"column":31}}},"branchMap":{"1":{"line":7,"type":"if","locations":[{"start":{"line":7,"column":4},"end":{"line":7,"column":4}},{"start":{"line":7,"column":4},"end":{"line":7,"column":4}}]},"2":{"line":16,"type":"if","locations":[{"start":{"line":16,"column":4},"end":{"line":16,"column":4}},{"start":{"line":16,"column":4},"end":{"line":16,"column":4}}]},"3":{"line":17,"type":"binary-expr","locations":[{"start":{"line":17,"column":29},"end":{"line":17,"column":49}},{"start":{"line":17,"column":53},"end":{"line":17,"column":61}}]},"4":{"line":26,"type":"if","locations":[{"start":{"line":26,"column":6},"end":{"line":26,"column":6}},{"start":{"line":26,"column":6},"end":{"line":26,"column":6}}]},"5":{"line":37,"type":"if","locations":[{"start":{"line":37,"column":4},"end":{"line":37,"column":4}},{"start":{"line":37,"column":4},"end":{"line":37,"column":4}}]},"6":{"line":42,"type":"binary-expr","locations":[{"start":{"line":42,"column":18},"end":{"line":42,"column":32}},{"start":{"line":42,"column":36},"end":{"line":42,"column":51}},{"start":{"line":42,"column":55},"end":{"line":42,"column":72}}]},"7":{"line":43,"type":"binary-expr","locations":[{"start":{"line":43,"column":17},"end":{"line":43,"column":30}},{"start":{"line":43,"column":34},"end":{"line":43,"column":48}},{"start":{"line":43,"column":52},"end":{"line":43,"column":68}}]},"8":{"line":44,"type":"binary-expr","locations":[{"start":{"line":44,"column":22},"end":{"line":44,"column":40}},{"start":{"line":44,"column":44},"end":{"line":44,"column":63}},{"start":{"line":44,"column":67},"end":{"line":44,"column":88}}]},"9":{"line":47,"type":"if","locations":[{"start":{"line":47,"column":4},"end":{"line":47,"column":4}},{"start":{"line":47,"column":4},"end":{"line":47,"column":4}}]},"10":{"line":48,"type":"if","locations":[{"start":{"line":48,"column":6},"end":{"line":48,"column":6}},{"start":{"line":48,"column":6},"end":{"line":48,"column":6}}]},"11":{"line":57,"type":"if","locations":[{"start":{"line":57,"column":11},"end":{"line":57,"column":11}},{"start":{"line":57,"column":11},"end":{"line":57,"column":11}}]},"12":{"line":73,"type":"if","locations":[{"start":{"line":73,"column":8},"end":{"line":73,"column":8}},{"start":{"line":73,"column":8},"end":{"line":73,"column":8}}]},"13":{"line":80,"type":"if","locations":[{"start":{"line":80,"column":6},"end":{"line":80,"column":6}},{"start":{"line":80,"column":6},"end":{"line":80,"column":6}}]},"14":{"line":88,"type":"if","locations":[{"start":{"line":88,"column":4},"end":{"line":88,"column":4}},{"start":{"line":88,"column":4},"end":{"line":88,"column":4}}]},"15":{"line":95,"type":"if","locations":[{"start":{"line":95,"column":6},"end":{"line":95,"column":6}},{"start":{"line":95,"column":6},"end":{"line":95,"column":6}}]},"16":{"line":95,"type":"binary-expr","locations":[{"start":{"line":95,"column":10},"end":{"line":95,"column":13}},{"start":{"line":95,"column":17},"end":{"line":95,"column":26}}]},"17":{"line":98,"type":"if","locations":[{"start":{"line":98,"column":6},"end":{"line":98,"column":6}},{"start":{"line":98,"column":6},"end":{"line":98,"column":6}}]},"18":{"line":106,"type":"if","locations":[{"start":{"line":106,"column":6},"end":{"line":106,"column":6}},{"start":{"line":106,"column":6},"end":{"line":106,"column":6}}]},"19":{"line":113,"type":"if","locations":[{"start":{"line":113,"column":8},"end":{"line":113,"column":8}},{"start":{"line":113,"column":8},"end":{"line":113,"column":8}}]},"20":{"line":122,"type":"if","locations":[{"start":{"line":122,"column":4},"end":{"line":122,"column":4}},{"start":{"line":122,"column":4},"end":{"line":122,"column":4}}]},"21":{"line":128,"type":"if","locations":[{"start":{"line":128,"column":6},"end":{"line":128,"column":6}},{"start":{"line":128,"column":6},"end":{"line":128,"column":6}}]}}},"/Users/riwhiz/Desktop/Projects/Checkpoint_3/server/models/document.js":{"path":"/Users/riwhiz/Desktop/Projects/Checkpoint_3/server/models/document.js","s":{"1":1,"2":1,"3":1,"4":1,"5":1,"6":1},"b":{},"f":{},"fnMap":{},"statementMap":{"1":{"start":{"line":1,"column":0},"end":{"line":1,"column":37}},"2":{"start":{"line":2,"column":0},"end":{"line":2,"column":54}},"3":{"start":{"line":4,"column":0},"end":{"line":4,"column":31}},"4":{"start":{"line":6,"column":0},"end":{"line":13,"column":3}},"5":{"start":{"line":14,"column":0},"end":{"line":14,"column":40}},"6":{"start":{"line":15,"column":0},"end":{"line":15,"column":60}}},"branchMap":{}},"/Users/riwhiz/Desktop/Projects/Checkpoint_3/server/routes/roles.js":{"path":"/Users/riwhiz/Desktop/Projects/Checkpoint_3/server/routes/roles.js","s":{"1":1,"2":1,"3":1,"4":1,"5":1},"b":{},"f":{},"fnMap":{},"statementMap":{"1":{"start":{"line":1,"column":0},"end":{"line":1,"column":43}},"2":{"start":{"line":2,"column":0},"end":{"line":2,"column":50}},"3":{"start":{"line":5,"column":2},"end":{"line":8,"column":24}},"4":{"start":{"line":10,"column":2},"end":{"line":12,"column":34}},"5":{"start":{"line":14,"column":0},"end":{"line":14,"column":24}}},"branchMap":{}},"/Users/riwhiz/Desktop/Projects/Checkpoint_3/server/controllers/roles.js":{"path":"/Users/riwhiz/Desktop/Projects/Checkpoint_3/server/controllers/roles.js","s":{"1":1,"2":1,"3":1,"4":2,"5":2,"6":0,"7":2,"8":2,"9":2,"10":2,"11":1,"12":1,"13":1,"14":1,"15":0,"16":1,"17":1,"18":0,"19":1,"20":1,"21":0,"22":1,"23":1,"24":1,"25":0,"26":1,"27":1,"28":1,"29":1,"30":1,"31":1,"32":0,"33":0,"34":0,"35":0,"36":0,"37":0,"38":0,"39":0,"40":0,"41":0,"42":0,"43":0,"44":1},"b":{"1":[0,2],"2":[2,0],"3":[1,1],"4":[0,1],"5":[0,1],"6":[0,1],"7":[1,0],"8":[1,0],"9":[1,1],"10":[0,0],"11":[0,0],"12":[0,0]},"f":{},"fnMap":{},"statementMap":{"1":{"start":{"line":1,"column":0},"end":{"line":1,"column":43}},"2":{"start":{"line":2,"column":0},"end":{"line":2,"column":36}},"3":{"start":{"line":5,"column":0},"end":{"line":81,"column":2}},"4":{"start":{"line":7,"column":4},"end":{"line":7,"column":51}},"5":{"start":{"line":8,"column":4},"end":{"line":10,"column":5}},"6":{"start":{"line":9,"column":6},"end":{"line":9,"column":69}},"7":{"start":{"line":11,"column":4},"end":{"line":11,"column":47}},"8":{"start":{"line":13,"column":4},"end":{"line":31,"column":5}},"9":{"start":{"line":14,"column":6},"end":{"line":28,"column":9}},"10":{"start":{"line":15,"column":8},"end":{"line":27,"column":9}},"11":{"start":{"line":16,"column":10},"end":{"line":16,"column":35}},"12":{"start":{"line":17,"column":10},"end":{"line":17,"column":38}},"13":{"start":{"line":19,"column":10},"end":{"line":24,"column":13}},"14":{"start":{"line":20,"column":12},"end":{"line":22,"column":13}},"15":{"start":{"line":21,"column":14},"end":{"line":21,"column":35}},"16":{"start":{"line":23,"column":12},"end":{"line":23,"column":58}},"17":{"start":{"line":26,"column":10},"end":{"line":26,"column":68}},"18":{"start":{"line":30,"column":6},"end":{"line":30,"column":67}},"19":{"start":{"line":34,"column":4},"end":{"line":39,"column":7}},"20":{"start":{"line":35,"column":6},"end":{"line":37,"column":7}},"21":{"start":{"line":36,"column":8},"end":{"line":36,"column":47}},"22":{"start":{"line":38,"column":6},"end":{"line":38,"column":29}},"23":{"start":{"line":42,"column":4},"end":{"line":42,"column":51}},"24":{"start":{"line":43,"column":4},"end":{"line":45,"column":5}},"25":{"start":{"line":44,"column":6},"end":{"line":44,"column":69}},"26":{"start":{"line":46,"column":4},"end":{"line":46,"column":47}},"27":{"start":{"line":48,"column":4},"end":{"line":65,"column":5}},"28":{"start":{"line":49,"column":6},"end":{"line":49,"column":64}},"29":{"start":{"line":51,"column":6},"end":{"line":64,"column":9}},"30":{"start":{"line":52,"column":8},"end":{"line":54,"column":9}},"31":{"start":{"line":53,"column":10},"end":{"line":53,"column":68}},"32":{"start":{"line":56,"column":8},"end":{"line":56,"column":36}},"33":{"start":{"line":58,"column":8},"end":{"line":63,"column":11}},"34":{"start":{"line":59,"column":10},"end":{"line":61,"column":11}},"35":{"start":{"line":60,"column":12},"end":{"line":60,"column":39}},"36":{"start":{"line":62,"column":10},"end":{"line":62,"column":70}},"37":{"start":{"line":68,"column":4},"end":{"line":68,"column":51}},"38":{"start":{"line":69,"column":4},"end":{"line":71,"column":5}},"39":{"start":{"line":70,"column":6},"end":{"line":70,"column":69}},"40":{"start":{"line":72,"column":4},"end":{"line":79,"column":7}},"41":{"start":{"line":75,"column":6},"end":{"line":77,"column":7}},"42":{"start":{"line":76,"column":8},"end":{"line":76,"column":35}},"43":{"start":{"line":78,"column":6},"end":{"line":78,"column":59}},"44":{"start":{"line":82,"column":0},"end":{"line":82,"column":27}}},"branchMap":{"1":{"line":8,"type":"if","locations":[{"start":{"line":8,"column":4},"end":{"line":8,"column":4}},{"start":{"line":8,"column":4},"end":{"line":8,"column":4}}]},"2":{"line":13,"type":"if","locations":[{"start":{"line":13,"column":4},"end":{"line":13,"column":4}},{"start":{"line":13,"column":4},"end":{"line":13,"column":4}}]},"3":{"line":15,"type":"if","locations":[{"start":{"line":15,"column":8},"end":{"line":15,"column":8}},{"start":{"line":15,"column":8},"end":{"line":15,"column":8}}]},"4":{"line":20,"type":"if","locations":[{"start":{"line":20,"column":12},"end":{"line":20,"column":12}},{"start":{"line":20,"column":12},"end":{"line":20,"column":12}}]},"5":{"line":35,"type":"if","locations":[{"start":{"line":35,"column":6},"end":{"line":35,"column":6}},{"start":{"line":35,"column":6},"end":{"line":35,"column":6}}]},"6":{"line":43,"type":"if","locations":[{"start":{"line":43,"column":4},"end":{"line":43,"column":4}},{"start":{"line":43,"column":4},"end":{"line":43,"column":4}}]},"7":{"line":48,"type":"if","locations":[{"start":{"line":48,"column":4},"end":{"line":48,"column":4}},{"start":{"line":48,"column":4},"end":{"line":48,"column":4}}]},"8":{"line":52,"type":"if","locations":[{"start":{"line":52,"column":8},"end":{"line":52,"column":8}},{"start":{"line":52,"column":8},"end":{"line":52,"column":8}}]},"9":{"line":52,"type":"binary-expr","locations":[{"start":{"line":52,"column":12},"end":{"line":52,"column":15}},{"start":{"line":52,"column":19},"end":{"line":52,"column":24}}]},"10":{"line":59,"type":"if","locations":[{"start":{"line":59,"column":10},"end":{"line":59,"column":10}},{"start":{"line":59,"column":10},"end":{"line":59,"column":10}}]},"11":{"line":69,"type":"if","locations":[{"start":{"line":69,"column":4},"end":{"line":69,"column":4}},{"start":{"line":69,"column":4},"end":{"line":69,"column":4}}]},"12":{"line":75,"type":"if","locations":[{"start":{"line":75,"column":6},"end":{"line":75,"column":6}},{"start":{"line":75,"column":6},"end":{"line":75,"column":6}}]}}},"/Users/riwhiz/Desktop/Projects/Checkpoint_3/server/models/roles.js":{"path":"/Users/riwhiz/Desktop/Projects/Checkpoint_3/server/models/roles.js","s":{"1":1,"2":1,"3":1,"4":1},"b":{},"f":{},"fnMap":{},"statementMap":{"1":{"start":{"line":1,"column":0},"end":{"line":1,"column":37}},"2":{"start":{"line":3,"column":0},"end":{"line":3,"column":31}},"3":{"start":{"line":5,"column":0},"end":{"line":7,"column":3}},"4":{"start":{"line":9,"column":0},"end":{"line":9,"column":53}}},"branchMap":{}}}