{"/Users/riwhiz/Desktop/Projects/Checkpoint_3/server.js":{"path":"/Users/riwhiz/Desktop/Projects/Checkpoint_3/server.js","s":{"1":1,"2":1,"3":1,"4":1,"5":1,"6":1,"7":1,"8":1,"9":1,"10":1,"11":1,"12":1,"13":1,"14":1,"15":1,"16":1,"17":1,"18":1,"19":1,"20":1,"21":1,"22":1,"23":1,"24":1,"25":1,"26":1,"27":1},"b":{"1":[1,1]},"f":{},"fnMap":{},"statementMap":{"1":{"start":{"line":2,"column":0},"end":{"line":2,"column":35}},"2":{"start":{"line":3,"column":0},"end":{"line":3,"column":37}},"3":{"start":{"line":4,"column":0},"end":{"line":4,"column":42}},"4":{"start":{"line":5,"column":0},"end":{"line":5,"column":37}},"5":{"start":{"line":6,"column":0},"end":{"line":6,"column":39}},"6":{"start":{"line":7,"column":0},"end":{"line":7,"column":25}},"7":{"start":{"line":9,"column":0},"end":{"line":9,"column":22}},"8":{"start":{"line":11,"column":0},"end":{"line":11,"column":38}},"9":{"start":{"line":13,"column":0},"end":{"line":13,"column":33}},"10":{"start":{"line":14,"column":0},"end":{"line":14,"column":42}},"11":{"start":{"line":15,"column":0},"end":{"line":15,"column":46}},"12":{"start":{"line":16,"column":0},"end":{"line":16,"column":43}},"13":{"start":{"line":19,"column":0},"end":{"line":19,"column":34}},"14":{"start":{"line":20,"column":0},"end":{"line":20,"column":47}},"15":{"start":{"line":24,"column":0},"end":{"line":24,"column":23}},"16":{"start":{"line":25,"column":0},"end":{"line":25,"column":42}},"17":{"start":{"line":26,"column":0},"end":{"line":26,"column":51}},"18":{"start":{"line":27,"column":0},"end":{"line":27,"column":27}},"19":{"start":{"line":28,"column":0},"end":{"line":32,"column":4}},"20":{"start":{"line":33,"column":0},"end":{"line":33,"column":31}},"21":{"start":{"line":34,"column":0},"end":{"line":34,"column":28}},"22":{"start":{"line":35,"column":0},"end":{"line":35,"column":17}},"23":{"start":{"line":37,"column":0},"end":{"line":37,"column":30}},"24":{"start":{"line":40,"column":0},"end":{"line":40,"column":22}},"25":{"start":{"line":44,"column":0},"end":{"line":44,"column":17}},"26":{"start":{"line":45,"column":0},"end":{"line":45,"column":44}},"27":{"start":{"line":47,"column":0},"end":{"line":47,"column":21}}},"branchMap":{"1":{"line":11,"type":"binary-expr","locations":[{"start":{"line":11,"column":13},"end":{"line":11,"column":29}},{"start":{"line":11,"column":33},"end":{"line":11,"column":37}}]}}},"/Users/riwhiz/Desktop/Projects/Checkpoint_3/server/routes/index.js":{"path":"/Users/riwhiz/Desktop/Projects/Checkpoint_3/server/routes/index.js","s":{"1":1,"2":1,"3":1,"4":1,"5":1,"6":1,"7":1,"8":1},"b":{},"f":{},"fnMap":{},"statementMap":{"1":{"start":{"line":1,"column":0},"end":{"line":1,"column":37}},"2":{"start":{"line":2,"column":0},"end":{"line":2,"column":45}},"3":{"start":{"line":3,"column":0},"end":{"line":3,"column":39}},"4":{"start":{"line":5,"column":0},"end":{"line":9,"column":2}},"5":{"start":{"line":6,"column":2},"end":{"line":6,"column":36}},"6":{"start":{"line":7,"column":2},"end":{"line":7,"column":44}},"7":{"start":{"line":8,"column":2},"end":{"line":8,"column":37}},"8":{"start":{"line":11,"column":0},"end":{"line":11,"column":24}}},"branchMap":{}},"/Users/riwhiz/Desktop/Projects/Checkpoint_3/server/routes/user.js":{"path":"/Users/riwhiz/Desktop/Projects/Checkpoint_3/server/routes/user.js","s":{"1":1,"2":1,"3":1,"4":1,"5":1,"6":1,"7":17,"8":17,"9":17,"10":1,"11":1,"12":1,"13":1,"14":1},"b":{},"f":{},"fnMap":{},"statementMap":{"1":{"start":{"line":2,"column":0},"end":{"line":2,"column":35}},"2":{"start":{"line":3,"column":0},"end":{"line":3,"column":49}},"3":{"start":{"line":4,"column":0},"end":{"line":4,"column":57}},"4":{"start":{"line":6,"column":0},"end":{"line":6,"column":32}},"5":{"start":{"line":16,"column":2},"end":{"line":17,"column":27}},"6":{"start":{"line":19,"column":2},"end":{"line":24,"column":5}},"7":{"start":{"line":21,"column":4},"end":{"line":21,"column":44}},"8":{"start":{"line":22,"column":4},"end":{"line":22,"column":37}},"9":{"start":{"line":23,"column":4},"end":{"line":23,"column":11}},"10":{"start":{"line":32,"column":2},"end":{"line":33,"column":28}},"11":{"start":{"line":35,"column":2},"end":{"line":38,"column":24}},"12":{"start":{"line":40,"column":2},"end":{"line":43,"column":34}},"13":{"start":{"line":45,"column":2},"end":{"line":46,"column":35}},"14":{"start":{"line":48,"column":0},"end":{"line":48,"column":24}}},"branchMap":{}},"/Users/riwhiz/Desktop/Projects/Checkpoint_3/server/controllers/user.js":{"path":"/Users/riwhiz/Desktop/Projects/Checkpoint_3/server/controllers/user.js","s":{"1":1,"2":1,"3":1,"4":1,"5":1,"6":66,"7":66,"8":43,"9":43,"10":0,"11":0,"12":43,"13":23,"14":23,"15":6,"16":6,"17":2,"18":4,"19":4,"20":4,"21":3,"22":3,"23":3,"24":3,"25":3,"26":3,"27":3,"28":3,"29":0,"30":3,"31":3,"32":0,"33":3,"34":1,"35":1,"36":1,"37":0,"38":1,"39":2,"40":2,"41":1,"42":2,"43":3,"44":3,"45":3,"46":1,"47":2,"48":2,"49":1,"50":1,"51":1,"52":1,"53":1,"54":1,"55":1,"56":1,"57":0,"58":1,"59":1,"60":0,"61":1,"62":2,"63":2,"64":1,"65":1,"66":41,"67":41,"68":0,"69":41,"70":39,"71":39,"72":2,"73":2,"74":2,"75":1,"76":1,"77":1,"78":1,"79":39,"80":39,"81":39,"82":39,"83":1},"b":{"1":[66,66,40],"2":[43,23],"3":[0,43],"4":[2,4],"5":[3,1],"6":[3,0],"7":[3,3],"8":[0,3],"9":[0,1],"10":[1,1],"11":[1,2],"12":[1,1],"13":[2,1],"14":[1,1],"15":[1,1],"16":[1,1],"17":[1,0],"18":[1,0],"19":[1,1],"20":[0,1],"21":[1,1],"22":[0,41],"23":[39,2],"24":[1,1]},"f":{"1":39},"fnMap":{"1":{"name":"generateToken","line":157,"loc":{"start":{"line":157,"column":0},"end":{"line":157,"column":39}}}},"statementMap":{"1":{"start":{"line":1,"column":0},"end":{"line":1,"column":25}},"2":{"start":{"line":2,"column":0},"end":{"line":2,"column":41}},"3":{"start":{"line":3,"column":0},"end":{"line":3,"column":29}},"4":{"start":{"line":5,"column":0},"end":{"line":5,"column":34}},"5":{"start":{"line":7,"column":0},"end":{"line":152,"column":2}},"6":{"start":{"line":10,"column":4},"end":{"line":10,"column":85}},"7":{"start":{"line":11,"column":4},"end":{"line":18,"column":5}},"8":{"start":{"line":12,"column":6},"end":{"line":12,"column":48}},"9":{"start":{"line":13,"column":6},"end":{"line":16,"column":7}},"10":{"start":{"line":14,"column":8},"end":{"line":14,"column":53}},"11":{"start":{"line":15,"column":8},"end":{"line":15,"column":24}},"12":{"start":{"line":17,"column":6},"end":{"line":17,"column":21}},"13":{"start":{"line":19,"column":4},"end":{"line":19,"column":55}},"14":{"start":{"line":20,"column":4},"end":{"line":20,"column":20}},"15":{"start":{"line":23,"column":4},"end":{"line":23,"column":51}},"16":{"start":{"line":24,"column":4},"end":{"line":26,"column":5}},"17":{"start":{"line":25,"column":6},"end":{"line":25,"column":69}},"18":{"start":{"line":27,"column":4},"end":{"line":27,"column":47}},"19":{"start":{"line":29,"column":4},"end":{"line":58,"column":7}},"20":{"start":{"line":30,"column":6},"end":{"line":57,"column":7}},"21":{"start":{"line":31,"column":8},"end":{"line":31,"column":32}},"22":{"start":{"line":33,"column":8},"end":{"line":33,"column":42}},"23":{"start":{"line":34,"column":8},"end":{"line":34,"column":45}},"24":{"start":{"line":35,"column":8},"end":{"line":35,"column":43}},"25":{"start":{"line":36,"column":8},"end":{"line":36,"column":36}},"26":{"start":{"line":37,"column":8},"end":{"line":37,"column":61}},"27":{"start":{"line":38,"column":8},"end":{"line":42,"column":9}},"28":{"start":{"line":39,"column":10},"end":{"line":39,"column":46}},"29":{"start":{"line":41,"column":10},"end":{"line":41,"column":29}},"30":{"start":{"line":45,"column":8},"end":{"line":54,"column":11}},"31":{"start":{"line":46,"column":10},"end":{"line":53,"column":11}},"32":{"start":{"line":47,"column":12},"end":{"line":50,"column":15}},"33":{"start":{"line":52,"column":12},"end":{"line":52,"column":68}},"34":{"start":{"line":56,"column":8},"end":{"line":56,"column":65}},"35":{"start":{"line":61,"column":4},"end":{"line":70,"column":7}},"36":{"start":{"line":62,"column":6},"end":{"line":64,"column":7}},"37":{"start":{"line":63,"column":8},"end":{"line":63,"column":29}},"38":{"start":{"line":65,"column":6},"end":{"line":69,"column":9}},"39":{"start":{"line":74,"column":4},"end":{"line":79,"column":7}},"40":{"start":{"line":75,"column":6},"end":{"line":77,"column":7}},"41":{"start":{"line":76,"column":8},"end":{"line":76,"column":38}},"42":{"start":{"line":78,"column":6},"end":{"line":78,"column":21}},"43":{"start":{"line":82,"column":4},"end":{"line":112,"column":7}},"44":{"start":{"line":83,"column":6},"end":{"line":83,"column":53}},"45":{"start":{"line":84,"column":6},"end":{"line":86,"column":7}},"46":{"start":{"line":85,"column":8},"end":{"line":85,"column":71}},"47":{"start":{"line":87,"column":6},"end":{"line":87,"column":49}},"48":{"start":{"line":88,"column":6},"end":{"line":111,"column":7}},"49":{"start":{"line":89,"column":8},"end":{"line":89,"column":71}},"50":{"start":{"line":93,"column":8},"end":{"line":93,"column":59}},"51":{"start":{"line":94,"column":8},"end":{"line":94,"column":64}},"52":{"start":{"line":95,"column":8},"end":{"line":95,"column":61}},"53":{"start":{"line":96,"column":8},"end":{"line":96,"column":50}},"54":{"start":{"line":97,"column":8},"end":{"line":97,"column":61}},"55":{"start":{"line":99,"column":8},"end":{"line":103,"column":9}},"56":{"start":{"line":100,"column":10},"end":{"line":100,"column":49}},"57":{"start":{"line":102,"column":10},"end":{"line":102,"column":29}},"58":{"start":{"line":105,"column":8},"end":{"line":110,"column":11}},"59":{"start":{"line":106,"column":10},"end":{"line":108,"column":11}},"60":{"start":{"line":107,"column":12},"end":{"line":107,"column":26}},"61":{"start":{"line":109,"column":10},"end":{"line":109,"column":54}},"62":{"start":{"line":116,"column":4},"end":{"line":123,"column":7}},"63":{"start":{"line":119,"column":6},"end":{"line":121,"column":7}},"64":{"start":{"line":120,"column":8},"end":{"line":120,"column":71}},"65":{"start":{"line":122,"column":6},"end":{"line":122,"column":59}},"66":{"start":{"line":126,"column":4},"end":{"line":139,"column":7}},"67":{"start":{"line":127,"column":6},"end":{"line":129,"column":7}},"68":{"start":{"line":128,"column":8},"end":{"line":128,"column":38}},"69":{"start":{"line":130,"column":6},"end":{"line":138,"column":7}},"70":{"start":{"line":131,"column":8},"end":{"line":131,"column":62}},"71":{"start":{"line":133,"column":8},"end":{"line":135,"column":19}},"72":{"start":{"line":137,"column":8},"end":{"line":137,"column":63}},"73":{"start":{"line":142,"column":4},"end":{"line":142,"column":49}},"74":{"start":{"line":143,"column":4},"end":{"line":145,"column":5}},"75":{"start":{"line":144,"column":6},"end":{"line":144,"column":69}},"76":{"start":{"line":146,"column":4},"end":{"line":146,"column":14}},"77":{"start":{"line":147,"column":4},"end":{"line":150,"column":7}},"78":{"start":{"line":157,"column":0},"end":{"line":166,"column":1}},"79":{"start":{"line":158,"column":2},"end":{"line":162,"column":4}},"80":{"start":{"line":163,"column":2},"end":{"line":163,"column":54}},"81":{"start":{"line":164,"column":2},"end":{"line":164,"column":30}},"82":{"start":{"line":165,"column":2},"end":{"line":165,"column":15}},"83":{"start":{"line":168,"column":0},"end":{"line":168,"column":27}}},"branchMap":{"1":{"line":10,"type":"binary-expr","locations":[{"start":{"line":10,"column":18},"end":{"line":10,"column":32}},{"start":{"line":10,"column":36},"end":{"line":10,"column":51}},{"start":{"line":10,"column":55},"end":{"line":10,"column":84}}]},"2":{"line":11,"type":"if","locations":[{"start":{"line":11,"column":4},"end":{"line":11,"column":4}},{"start":{"line":11,"column":4},"end":{"line":11,"column":4}}]},"3":{"line":13,"type":"if","locations":[{"start":{"line":13,"column":6},"end":{"line":13,"column":6}},{"start":{"line":13,"column":6},"end":{"line":13,"column":6}}]},"4":{"line":24,"type":"if","locations":[{"start":{"line":24,"column":4},"end":{"line":24,"column":4}},{"start":{"line":24,"column":4},"end":{"line":24,"column":4}}]},"5":{"line":30,"type":"if","locations":[{"start":{"line":30,"column":6},"end":{"line":30,"column":6}},{"start":{"line":30,"column":6},"end":{"line":30,"column":6}}]},"6":{"line":38,"type":"if","locations":[{"start":{"line":38,"column":8},"end":{"line":38,"column":8}},{"start":{"line":38,"column":8},"end":{"line":38,"column":8}}]},"7":{"line":39,"type":"binary-expr","locations":[{"start":{"line":39,"column":22},"end":{"line":39,"column":35}},{"start":{"line":39,"column":39},"end":{"line":39,"column":45}}]},"8":{"line":46,"type":"if","locations":[{"start":{"line":46,"column":10},"end":{"line":46,"column":10}},{"start":{"line":46,"column":10},"end":{"line":46,"column":10}}]},"9":{"line":62,"type":"if","locations":[{"start":{"line":62,"column":6},"end":{"line":62,"column":6}},{"start":{"line":62,"column":6},"end":{"line":62,"column":6}}]},"10":{"line":75,"type":"if","locations":[{"start":{"line":75,"column":6},"end":{"line":75,"column":6}},{"start":{"line":75,"column":6},"end":{"line":75,"column":6}}]},"11":{"line":84,"type":"if","locations":[{"start":{"line":84,"column":6},"end":{"line":84,"column":6}},{"start":{"line":84,"column":6},"end":{"line":84,"column":6}}]},"12":{"line":88,"type":"if","locations":[{"start":{"line":88,"column":6},"end":{"line":88,"column":6}},{"start":{"line":88,"column":6},"end":{"line":88,"column":6}}]},"13":{"line":88,"type":"binary-expr","locations":[{"start":{"line":88,"column":10},"end":{"line":88,"column":13}},{"start":{"line":88,"column":17},"end":{"line":88,"column":22}}]},"14":{"line":93,"type":"binary-expr","locations":[{"start":{"line":93,"column":24},"end":{"line":93,"column":41}},{"start":{"line":93,"column":45},"end":{"line":93,"column":58}}]},"15":{"line":94,"type":"binary-expr","locations":[{"start":{"line":94,"column":26},"end":{"line":94,"column":44}},{"start":{"line":94,"column":48},"end":{"line":94,"column":63}}]},"16":{"line":95,"type":"binary-expr","locations":[{"start":{"line":95,"column":25},"end":{"line":95,"column":42}},{"start":{"line":95,"column":46},"end":{"line":95,"column":60}}]},"17":{"line":96,"type":"binary-expr","locations":[{"start":{"line":96,"column":21},"end":{"line":96,"column":35}},{"start":{"line":96,"column":39},"end":{"line":96,"column":49}}]},"18":{"line":99,"type":"if","locations":[{"start":{"line":99,"column":8},"end":{"line":99,"column":8}},{"start":{"line":99,"column":8},"end":{"line":99,"column":8}}]},"19":{"line":100,"type":"binary-expr","locations":[{"start":{"line":100,"column":22},"end":{"line":100,"column":35}},{"start":{"line":100,"column":39},"end":{"line":100,"column":48}}]},"20":{"line":106,"type":"if","locations":[{"start":{"line":106,"column":10},"end":{"line":106,"column":10}},{"start":{"line":106,"column":10},"end":{"line":106,"column":10}}]},"21":{"line":119,"type":"if","locations":[{"start":{"line":119,"column":6},"end":{"line":119,"column":6}},{"start":{"line":119,"column":6},"end":{"line":119,"column":6}}]},"22":{"line":127,"type":"if","locations":[{"start":{"line":127,"column":6},"end":{"line":127,"column":6}},{"start":{"line":127,"column":6},"end":{"line":127,"column":6}}]},"23":{"line":130,"type":"if","locations":[{"start":{"line":130,"column":6},"end":{"line":130,"column":6}},{"start":{"line":130,"column":6},"end":{"line":130,"column":6}}]},"24":{"line":143,"type":"if","locations":[{"start":{"line":143,"column":4},"end":{"line":143,"column":4}},{"start":{"line":143,"column":4},"end":{"line":143,"column":4}}]}}},"/Users/riwhiz/Desktop/Projects/Checkpoint_3/server/models/user.js":{"path":"/Users/riwhiz/Desktop/Projects/Checkpoint_3/server/models/user.js","s":{"1":1,"2":1,"3":1,"4":1,"5":1,"6":4,"7":1,"8":41,"9":1},"b":{},"f":{},"fnMap":{},"statementMap":{"1":{"start":{"line":1,"column":0},"end":{"line":1,"column":37}},"2":{"start":{"line":2,"column":0},"end":{"line":2,"column":40}},"3":{"start":{"line":4,"column":0},"end":{"line":4,"column":31}},"4":{"start":{"line":6,"column":0},"end":{"line":15,"column":3}},"5":{"start":{"line":18,"column":0},"end":{"line":20,"column":2}},"6":{"start":{"line":19,"column":2},"end":{"line":19,"column":64}},"7":{"start":{"line":23,"column":0},"end":{"line":26,"column":2}},"8":{"start":{"line":25,"column":2},"end":{"line":25,"column":53}},"9":{"start":{"line":28,"column":0},"end":{"line":28,"column":52}}},"branchMap":{}},"/Users/riwhiz/Desktop/Projects/Checkpoint_3/server/controllers/document.js":{"path":"/Users/riwhiz/Desktop/Projects/Checkpoint_3/server/controllers/document.js","s":{"1":1,"2":1,"3":1,"4":1,"5":2,"6":2,"7":1,"8":1,"9":1,"10":1,"11":1,"12":1,"13":1,"14":1,"15":1,"16":0,"17":0,"18":1,"19":1,"20":0,"21":1,"22":7,"23":7,"24":1,"25":6,"26":6,"27":6,"28":6,"29":6,"30":6,"31":6,"32":4,"33":1,"34":1,"35":1,"36":4,"37":2,"38":0,"39":0,"40":0,"41":2,"42":6,"43":6,"44":6,"45":1,"46":1,"47":0,"48":1,"49":1,"50":1,"51":0,"52":1,"53":1,"54":0,"55":1,"56":1,"57":0,"58":1,"59":3,"60":3,"61":1,"62":2,"63":2,"64":2,"65":2,"66":0,"67":2,"68":1,"69":1,"70":1,"71":1,"72":1,"73":1,"74":1,"75":0,"76":1,"77":1,"78":0,"79":1,"80":2,"81":2,"82":1,"83":1,"84":1,"85":0,"86":1,"87":1},"b":{"1":[1,1],"2":[1,0],"3":[1,1],"4":[0,1],"5":[1,6],"6":[6,6,0],"7":[6,6,2],"8":[6,6,5],"9":[4,2],"10":[1,3],"11":[0,2],"12":[6,0],"13":[0,1],"14":[0,1],"15":[0,1],"16":[0,1],"17":[1,2],"18":[0,2],"19":[2,2],"20":[1,1],"21":[1,0],"22":[0,1],"23":[1,1],"24":[0,1]},"f":{},"fnMap":{},"statementMap":{"1":{"start":{"line":1,"column":0},"end":{"line":1,"column":49}},"2":{"start":{"line":2,"column":0},"end":{"line":2,"column":40}},"3":{"start":{"line":3,"column":0},"end":{"line":3,"column":36}},"4":{"start":{"line":5,"column":0},"end":{"line":150,"column":2}},"5":{"start":{"line":7,"column":4},"end":{"line":7,"column":51}},"6":{"start":{"line":8,"column":4},"end":{"line":10,"column":5}},"7":{"start":{"line":9,"column":6},"end":{"line":9,"column":69}},"8":{"start":{"line":11,"column":4},"end":{"line":11,"column":47}},"9":{"start":{"line":12,"column":4},"end":{"line":12,"column":33}},"10":{"start":{"line":13,"column":4},"end":{"line":13,"column":36}},"11":{"start":{"line":14,"column":4},"end":{"line":14,"column":36}},"12":{"start":{"line":15,"column":4},"end":{"line":15,"column":40}},"13":{"start":{"line":17,"column":4},"end":{"line":23,"column":5}},"14":{"start":{"line":18,"column":6},"end":{"line":18,"column":62}},"15":{"start":{"line":19,"column":6},"end":{"line":19,"column":38}},"16":{"start":{"line":21,"column":6},"end":{"line":21,"column":38}},"17":{"start":{"line":22,"column":6},"end":{"line":22,"column":29}},"18":{"start":{"line":26,"column":4},"end":{"line":34,"column":7}},"19":{"start":{"line":27,"column":6},"end":{"line":29,"column":7}},"20":{"start":{"line":28,"column":8},"end":{"line":28,"column":54}},"21":{"start":{"line":30,"column":6},"end":{"line":33,"column":9}},"22":{"start":{"line":37,"column":4},"end":{"line":37,"column":51}},"23":{"start":{"line":38,"column":4},"end":{"line":40,"column":5}},"24":{"start":{"line":39,"column":6},"end":{"line":39,"column":69}},"25":{"start":{"line":41,"column":4},"end":{"line":41,"column":47}},"26":{"start":{"line":42,"column":4},"end":{"line":42,"column":33}},"27":{"start":{"line":43,"column":4},"end":{"line":43,"column":73}},"28":{"start":{"line":44,"column":4},"end":{"line":44,"column":69}},"29":{"start":{"line":45,"column":4},"end":{"line":45,"column":89}},"30":{"start":{"line":46,"column":4},"end":{"line":46,"column":14}},"31":{"start":{"line":48,"column":4},"end":{"line":68,"column":5}},"32":{"start":{"line":49,"column":6},"end":{"line":54,"column":7}},"33":{"start":{"line":50,"column":8},"end":{"line":50,"column":42}},"34":{"start":{"line":51,"column":8},"end":{"line":51,"column":57}},"35":{"start":{"line":53,"column":8},"end":{"line":53,"column":72}},"36":{"start":{"line":55,"column":6},"end":{"line":55,"column":30}},"37":{"start":{"line":56,"column":11},"end":{"line":68,"column":5}},"38":{"start":{"line":57,"column":6},"end":{"line":57,"column":40}},"39":{"start":{"line":58,"column":6},"end":{"line":58,"column":55}},"40":{"start":{"line":60,"column":6},"end":{"line":63,"column":11}},"41":{"start":{"line":65,"column":6},"end":{"line":67,"column":9}},"42":{"start":{"line":69,"column":4},"end":{"line":75,"column":9}},"43":{"start":{"line":72,"column":8},"end":{"line":74,"column":9}},"44":{"start":{"line":73,"column":10},"end":{"line":73,"column":56}},"45":{"start":{"line":78,"column":4},"end":{"line":83,"column":7}},"46":{"start":{"line":79,"column":6},"end":{"line":81,"column":7}},"47":{"start":{"line":80,"column":8},"end":{"line":80,"column":35}},"48":{"start":{"line":82,"column":6},"end":{"line":82,"column":32}},"49":{"start":{"line":86,"column":4},"end":{"line":86,"column":51}},"50":{"start":{"line":87,"column":4},"end":{"line":89,"column":5}},"51":{"start":{"line":88,"column":6},"end":{"line":88,"column":69}},"52":{"start":{"line":90,"column":4},"end":{"line":100,"column":7}},"53":{"start":{"line":91,"column":6},"end":{"line":93,"column":7}},"54":{"start":{"line":92,"column":8},"end":{"line":92,"column":35}},"55":{"start":{"line":94,"column":6},"end":{"line":99,"column":9}},"56":{"start":{"line":95,"column":8},"end":{"line":97,"column":9}},"57":{"start":{"line":96,"column":10},"end":{"line":96,"column":37}},"58":{"start":{"line":98,"column":8},"end":{"line":98,"column":51}},"59":{"start":{"line":103,"column":4},"end":{"line":103,"column":51}},"60":{"start":{"line":104,"column":4},"end":{"line":106,"column":5}},"61":{"start":{"line":105,"column":6},"end":{"line":105,"column":69}},"62":{"start":{"line":107,"column":4},"end":{"line":107,"column":47}},"63":{"start":{"line":108,"column":4},"end":{"line":108,"column":33}},"64":{"start":{"line":110,"column":4},"end":{"line":134,"column":7}},"65":{"start":{"line":111,"column":6},"end":{"line":113,"column":7}},"66":{"start":{"line":112,"column":8},"end":{"line":112,"column":75}},"67":{"start":{"line":114,"column":6},"end":{"line":116,"column":7}},"68":{"start":{"line":115,"column":8},"end":{"line":115,"column":67}},"69":{"start":{"line":118,"column":6},"end":{"line":118,"column":38}},"70":{"start":{"line":119,"column":6},"end":{"line":119,"column":42}},"71":{"start":{"line":120,"column":6},"end":{"line":120,"column":29}},"72":{"start":{"line":121,"column":6},"end":{"line":121,"column":39}},"73":{"start":{"line":122,"column":6},"end":{"line":126,"column":7}},"74":{"start":{"line":123,"column":8},"end":{"line":123,"column":52}},"75":{"start":{"line":125,"column":8},"end":{"line":125,"column":40}},"76":{"start":{"line":128,"column":6},"end":{"line":133,"column":9}},"77":{"start":{"line":129,"column":8},"end":{"line":131,"column":9}},"78":{"start":{"line":130,"column":10},"end":{"line":130,"column":31}},"79":{"start":{"line":132,"column":8},"end":{"line":132,"column":58}},"80":{"start":{"line":137,"column":4},"end":{"line":137,"column":51}},"81":{"start":{"line":138,"column":4},"end":{"line":140,"column":5}},"82":{"start":{"line":139,"column":6},"end":{"line":139,"column":69}},"83":{"start":{"line":141,"column":4},"end":{"line":148,"column":7}},"84":{"start":{"line":144,"column":6},"end":{"line":146,"column":7}},"85":{"start":{"line":145,"column":8},"end":{"line":145,"column":23}},"86":{"start":{"line":147,"column":6},"end":{"line":147,"column":52}},"87":{"start":{"line":152,"column":0},"end":{"line":152,"column":31}}},"branchMap":{"1":{"line":8,"type":"if","locations":[{"start":{"line":8,"column":4},"end":{"line":8,"column":4}},{"start":{"line":8,"column":4},"end":{"line":8,"column":4}}]},"2":{"line":17,"type":"if","locations":[{"start":{"line":17,"column":4},"end":{"line":17,"column":4}},{"start":{"line":17,"column":4},"end":{"line":17,"column":4}}]},"3":{"line":18,"type":"binary-expr","locations":[{"start":{"line":18,"column":29},"end":{"line":18,"column":49}},{"start":{"line":18,"column":53},"end":{"line":18,"column":61}}]},"4":{"line":27,"type":"if","locations":[{"start":{"line":27,"column":6},"end":{"line":27,"column":6}},{"start":{"line":27,"column":6},"end":{"line":27,"column":6}}]},"5":{"line":38,"type":"if","locations":[{"start":{"line":38,"column":4},"end":{"line":38,"column":4}},{"start":{"line":38,"column":4},"end":{"line":38,"column":4}}]},"6":{"line":43,"type":"binary-expr","locations":[{"start":{"line":43,"column":18},"end":{"line":43,"column":32}},{"start":{"line":43,"column":36},"end":{"line":43,"column":51}},{"start":{"line":43,"column":55},"end":{"line":43,"column":72}}]},"7":{"line":44,"type":"binary-expr","locations":[{"start":{"line":44,"column":17},"end":{"line":44,"column":30}},{"start":{"line":44,"column":34},"end":{"line":44,"column":48}},{"start":{"line":44,"column":52},"end":{"line":44,"column":68}}]},"8":{"line":45,"type":"binary-expr","locations":[{"start":{"line":45,"column":22},"end":{"line":45,"column":40}},{"start":{"line":45,"column":44},"end":{"line":45,"column":63}},{"start":{"line":45,"column":67},"end":{"line":45,"column":88}}]},"9":{"line":48,"type":"if","locations":[{"start":{"line":48,"column":4},"end":{"line":48,"column":4}},{"start":{"line":48,"column":4},"end":{"line":48,"column":4}}]},"10":{"line":49,"type":"if","locations":[{"start":{"line":49,"column":6},"end":{"line":49,"column":6}},{"start":{"line":49,"column":6},"end":{"line":49,"column":6}}]},"11":{"line":56,"type":"if","locations":[{"start":{"line":56,"column":11},"end":{"line":56,"column":11}},{"start":{"line":56,"column":11},"end":{"line":56,"column":11}}]},"12":{"line":72,"type":"if","locations":[{"start":{"line":72,"column":8},"end":{"line":72,"column":8}},{"start":{"line":72,"column":8},"end":{"line":72,"column":8}}]},"13":{"line":79,"type":"if","locations":[{"start":{"line":79,"column":6},"end":{"line":79,"column":6}},{"start":{"line":79,"column":6},"end":{"line":79,"column":6}}]},"14":{"line":87,"type":"if","locations":[{"start":{"line":87,"column":4},"end":{"line":87,"column":4}},{"start":{"line":87,"column":4},"end":{"line":87,"column":4}}]},"15":{"line":91,"type":"if","locations":[{"start":{"line":91,"column":6},"end":{"line":91,"column":6}},{"start":{"line":91,"column":6},"end":{"line":91,"column":6}}]},"16":{"line":95,"type":"if","locations":[{"start":{"line":95,"column":8},"end":{"line":95,"column":8}},{"start":{"line":95,"column":8},"end":{"line":95,"column":8}}]},"17":{"line":104,"type":"if","locations":[{"start":{"line":104,"column":4},"end":{"line":104,"column":4}},{"start":{"line":104,"column":4},"end":{"line":104,"column":4}}]},"18":{"line":111,"type":"if","locations":[{"start":{"line":111,"column":6},"end":{"line":111,"column":6}},{"start":{"line":111,"column":6},"end":{"line":111,"column":6}}]},"19":{"line":111,"type":"binary-expr","locations":[{"start":{"line":111,"column":10},"end":{"line":111,"column":13}},{"start":{"line":111,"column":17},"end":{"line":111,"column":26}}]},"20":{"line":114,"type":"if","locations":[{"start":{"line":114,"column":6},"end":{"line":114,"column":6}},{"start":{"line":114,"column":6},"end":{"line":114,"column":6}}]},"21":{"line":122,"type":"if","locations":[{"start":{"line":122,"column":6},"end":{"line":122,"column":6}},{"start":{"line":122,"column":6},"end":{"line":122,"column":6}}]},"22":{"line":129,"type":"if","locations":[{"start":{"line":129,"column":8},"end":{"line":129,"column":8}},{"start":{"line":129,"column":8},"end":{"line":129,"column":8}}]},"23":{"line":138,"type":"if","locations":[{"start":{"line":138,"column":4},"end":{"line":138,"column":4}},{"start":{"line":138,"column":4},"end":{"line":138,"column":4}}]},"24":{"line":144,"type":"if","locations":[{"start":{"line":144,"column":6},"end":{"line":144,"column":6}},{"start":{"line":144,"column":6},"end":{"line":144,"column":6}}]}}},"/Users/riwhiz/Desktop/Projects/Checkpoint_3/server/models/document.js":{"path":"/Users/riwhiz/Desktop/Projects/Checkpoint_3/server/models/document.js","s":{"1":1,"2":1,"3":1,"4":1,"5":1,"6":1},"b":{},"f":{},"fnMap":{},"statementMap":{"1":{"start":{"line":1,"column":0},"end":{"line":1,"column":37}},"2":{"start":{"line":2,"column":0},"end":{"line":2,"column":54}},"3":{"start":{"line":4,"column":0},"end":{"line":4,"column":31}},"4":{"start":{"line":6,"column":0},"end":{"line":13,"column":3}},"5":{"start":{"line":14,"column":0},"end":{"line":14,"column":40}},"6":{"start":{"line":15,"column":0},"end":{"line":15,"column":60}}},"branchMap":{}},"/Users/riwhiz/Desktop/Projects/Checkpoint_3/server/routes/document.js":{"path":"/Users/riwhiz/Desktop/Projects/Checkpoint_3/server/routes/document.js","s":{"1":1,"2":1,"3":1,"4":1,"5":15,"6":15,"7":15,"8":1,"9":1,"10":1},"b":{},"f":{},"fnMap":{},"statementMap":{"1":{"start":{"line":2,"column":0},"end":{"line":2,"column":43}},"2":{"start":{"line":3,"column":0},"end":{"line":3,"column":57}},"3":{"start":{"line":4,"column":0},"end":{"line":4,"column":49}},"4":{"start":{"line":12,"column":2},"end":{"line":17,"column":5}},"5":{"start":{"line":14,"column":4},"end":{"line":14,"column":44}},"6":{"start":{"line":15,"column":4},"end":{"line":15,"column":37}},"7":{"start":{"line":16,"column":4},"end":{"line":16,"column":11}},"8":{"start":{"line":19,"column":2},"end":{"line":23,"column":28}},"9":{"start":{"line":25,"column":2},"end":{"line":32,"column":37}},"10":{"start":{"line":35,"column":0},"end":{"line":35,"column":24}}},"branchMap":{}},"/Users/riwhiz/Desktop/Projects/Checkpoint_3/server/routes/roles.js":{"path":"/Users/riwhiz/Desktop/Projects/Checkpoint_3/server/routes/roles.js","s":{"1":1,"2":1,"3":1,"4":1,"5":1},"b":{},"f":{},"fnMap":{},"statementMap":{"1":{"start":{"line":1,"column":0},"end":{"line":1,"column":43}},"2":{"start":{"line":2,"column":0},"end":{"line":2,"column":50}},"3":{"start":{"line":5,"column":2},"end":{"line":8,"column":24}},"4":{"start":{"line":10,"column":2},"end":{"line":12,"column":34}},"5":{"start":{"line":14,"column":0},"end":{"line":14,"column":24}}},"branchMap":{}},"/Users/riwhiz/Desktop/Projects/Checkpoint_3/server/controllers/roles.js":{"path":"/Users/riwhiz/Desktop/Projects/Checkpoint_3/server/controllers/roles.js","s":{"1":1,"2":1,"3":1,"4":4,"5":4,"6":1,"7":3,"8":3,"9":2,"10":2,"11":1,"12":1,"13":1,"14":1,"15":0,"16":1,"17":1,"18":1,"19":1,"20":1,"21":0,"22":1,"23":2,"24":2,"25":1,"26":1,"27":1,"28":1,"29":1,"30":1,"31":0,"32":1,"33":1,"34":1,"35":0,"36":1,"37":2,"38":2,"39":1,"40":1,"41":1,"42":0,"43":1,"44":1},"b":{"1":[1,3],"2":[2,1],"3":[1,1],"4":[0,1],"5":[0,1],"6":[1,1],"7":[1,0],"8":[0,1],"9":[1,1],"10":[0,1],"11":[1,1],"12":[0,1]},"f":{},"fnMap":{},"statementMap":{"1":{"start":{"line":1,"column":0},"end":{"line":1,"column":43}},"2":{"start":{"line":2,"column":0},"end":{"line":2,"column":36}},"3":{"start":{"line":5,"column":0},"end":{"line":81,"column":2}},"4":{"start":{"line":7,"column":4},"end":{"line":7,"column":51}},"5":{"start":{"line":8,"column":4},"end":{"line":10,"column":5}},"6":{"start":{"line":9,"column":6},"end":{"line":9,"column":69}},"7":{"start":{"line":11,"column":4},"end":{"line":11,"column":47}},"8":{"start":{"line":13,"column":4},"end":{"line":31,"column":5}},"9":{"start":{"line":14,"column":6},"end":{"line":28,"column":9}},"10":{"start":{"line":15,"column":8},"end":{"line":27,"column":9}},"11":{"start":{"line":16,"column":10},"end":{"line":16,"column":35}},"12":{"start":{"line":17,"column":10},"end":{"line":17,"column":38}},"13":{"start":{"line":19,"column":10},"end":{"line":24,"column":13}},"14":{"start":{"line":20,"column":12},"end":{"line":22,"column":13}},"15":{"start":{"line":21,"column":14},"end":{"line":21,"column":35}},"16":{"start":{"line":23,"column":12},"end":{"line":23,"column":58}},"17":{"start":{"line":26,"column":10},"end":{"line":26,"column":68}},"18":{"start":{"line":30,"column":6},"end":{"line":30,"column":79}},"19":{"start":{"line":34,"column":4},"end":{"line":39,"column":7}},"20":{"start":{"line":35,"column":6},"end":{"line":37,"column":7}},"21":{"start":{"line":36,"column":8},"end":{"line":36,"column":47}},"22":{"start":{"line":38,"column":6},"end":{"line":38,"column":29}},"23":{"start":{"line":42,"column":4},"end":{"line":42,"column":51}},"24":{"start":{"line":43,"column":4},"end":{"line":45,"column":5}},"25":{"start":{"line":44,"column":6},"end":{"line":44,"column":69}},"26":{"start":{"line":46,"column":4},"end":{"line":46,"column":47}},"27":{"start":{"line":48,"column":4},"end":{"line":65,"column":5}},"28":{"start":{"line":49,"column":6},"end":{"line":49,"column":64}},"29":{"start":{"line":51,"column":6},"end":{"line":64,"column":9}},"30":{"start":{"line":52,"column":8},"end":{"line":54,"column":9}},"31":{"start":{"line":53,"column":10},"end":{"line":53,"column":68}},"32":{"start":{"line":56,"column":8},"end":{"line":56,"column":36}},"33":{"start":{"line":58,"column":8},"end":{"line":63,"column":11}},"34":{"start":{"line":59,"column":10},"end":{"line":61,"column":11}},"35":{"start":{"line":60,"column":12},"end":{"line":60,"column":39}},"36":{"start":{"line":62,"column":10},"end":{"line":62,"column":70}},"37":{"start":{"line":68,"column":4},"end":{"line":68,"column":51}},"38":{"start":{"line":69,"column":4},"end":{"line":71,"column":5}},"39":{"start":{"line":70,"column":6},"end":{"line":70,"column":69}},"40":{"start":{"line":72,"column":4},"end":{"line":79,"column":7}},"41":{"start":{"line":75,"column":6},"end":{"line":77,"column":7}},"42":{"start":{"line":76,"column":8},"end":{"line":76,"column":35}},"43":{"start":{"line":78,"column":6},"end":{"line":78,"column":59}},"44":{"start":{"line":82,"column":0},"end":{"line":82,"column":27}}},"branchMap":{"1":{"line":8,"type":"if","locations":[{"start":{"line":8,"column":4},"end":{"line":8,"column":4}},{"start":{"line":8,"column":4},"end":{"line":8,"column":4}}]},"2":{"line":13,"type":"if","locations":[{"start":{"line":13,"column":4},"end":{"line":13,"column":4}},{"start":{"line":13,"column":4},"end":{"line":13,"column":4}}]},"3":{"line":15,"type":"if","locations":[{"start":{"line":15,"column":8},"end":{"line":15,"column":8}},{"start":{"line":15,"column":8},"end":{"line":15,"column":8}}]},"4":{"line":20,"type":"if","locations":[{"start":{"line":20,"column":12},"end":{"line":20,"column":12}},{"start":{"line":20,"column":12},"end":{"line":20,"column":12}}]},"5":{"line":35,"type":"if","locations":[{"start":{"line":35,"column":6},"end":{"line":35,"column":6}},{"start":{"line":35,"column":6},"end":{"line":35,"column":6}}]},"6":{"line":43,"type":"if","locations":[{"start":{"line":43,"column":4},"end":{"line":43,"column":4}},{"start":{"line":43,"column":4},"end":{"line":43,"column":4}}]},"7":{"line":48,"type":"if","locations":[{"start":{"line":48,"column":4},"end":{"line":48,"column":4}},{"start":{"line":48,"column":4},"end":{"line":48,"column":4}}]},"8":{"line":52,"type":"if","locations":[{"start":{"line":52,"column":8},"end":{"line":52,"column":8}},{"start":{"line":52,"column":8},"end":{"line":52,"column":8}}]},"9":{"line":52,"type":"binary-expr","locations":[{"start":{"line":52,"column":12},"end":{"line":52,"column":15}},{"start":{"line":52,"column":19},"end":{"line":52,"column":24}}]},"10":{"line":59,"type":"if","locations":[{"start":{"line":59,"column":10},"end":{"line":59,"column":10}},{"start":{"line":59,"column":10},"end":{"line":59,"column":10}}]},"11":{"line":69,"type":"if","locations":[{"start":{"line":69,"column":4},"end":{"line":69,"column":4}},{"start":{"line":69,"column":4},"end":{"line":69,"column":4}}]},"12":{"line":75,"type":"if","locations":[{"start":{"line":75,"column":6},"end":{"line":75,"column":6}},{"start":{"line":75,"column":6},"end":{"line":75,"column":6}}]}}},"/Users/riwhiz/Desktop/Projects/Checkpoint_3/server/models/roles.js":{"path":"/Users/riwhiz/Desktop/Projects/Checkpoint_3/server/models/roles.js","s":{"1":1,"2":1,"3":1,"4":1},"b":{},"f":{},"fnMap":{},"statementMap":{"1":{"start":{"line":1,"column":0},"end":{"line":1,"column":37}},"2":{"start":{"line":3,"column":0},"end":{"line":3,"column":31}},"3":{"start":{"line":5,"column":0},"end":{"line":7,"column":3}},"4":{"start":{"line":9,"column":0},"end":{"line":9,"column":53}}},"branchMap":{}}}