TN:
SF:/Users/riwhiz/Desktop/Projects/Checkpoint_3/server.js
FNF:0
FNH:0
DA:2,1
DA:3,1
DA:4,1
DA:5,1
DA:6,1
DA:7,1
DA:9,1
DA:11,1
DA:13,1
DA:14,1
DA:15,1
DA:16,1
DA:19,1
DA:20,1
DA:24,1
DA:25,1
DA:26,1
DA:27,1
DA:28,1
DA:33,1
DA:34,1
DA:35,1
DA:37,1
DA:40,1
DA:44,1
DA:45,1
DA:47,1
LF:27
LH:27
BRDA:11,1,0,1
BRDA:11,1,1,1
BRF:2
BRH:2
end_of_record
TN:
SF:/Users/riwhiz/Desktop/Projects/Checkpoint_3/server/routes/index.js
FNF:0
FNH:0
DA:1,1
DA:2,1
DA:3,1
DA:5,1
DA:6,1
DA:7,1
DA:8,1
DA:11,1
LF:8
LH:8
BRF:0
BRH:0
end_of_record
TN:
SF:/Users/riwhiz/Desktop/Projects/Checkpoint_3/server/routes/user.js
FNF:0
FNH:0
DA:2,1
DA:3,1
DA:5,1
DA:15,1
DA:18,1
DA:20,13
DA:21,13
DA:22,13
DA:31,1
DA:34,1
DA:39,1
DA:44,1
LF:12
LH:12
BRF:0
BRH:0
end_of_record
TN:
SF:/Users/riwhiz/Desktop/Projects/Checkpoint_3/server/controllers/user.js
FN:156,generateToken
FNF:1
FNH:1
FNDA:28,generateToken
DA:1,1
DA:2,1
DA:3,1
DA:5,1
DA:7,1
DA:10,49
DA:11,49
DA:12,36
DA:13,36
DA:14,0
DA:15,0
DA:17,36
DA:19,13
DA:20,13
DA:23,6
DA:24,6
DA:25,2
DA:27,4
DA:29,4
DA:30,4
DA:31,3
DA:33,3
DA:34,3
DA:35,3
DA:36,3
DA:37,3
DA:38,3
DA:39,3
DA:41,0
DA:45,3
DA:46,3
DA:47,0
DA:52,3
DA:56,1
DA:61,1
DA:62,1
DA:63,0
DA:65,1
DA:74,2
DA:75,2
DA:76,1
DA:78,2
DA:82,3
DA:83,3
DA:84,3
DA:85,1
DA:87,2
DA:88,2
DA:89,1
DA:93,1
DA:94,1
DA:95,1
DA:96,1
DA:97,1
DA:99,1
DA:100,1
DA:102,0
DA:105,1
DA:106,1
DA:107,0
DA:109,1
DA:116,1
DA:119,1
DA:120,0
DA:122,1
DA:126,29
DA:127,29
DA:128,0
DA:130,29
DA:131,28
DA:133,28
DA:137,1
DA:143,0
DA:144,0
DA:145,0
DA:146,0
DA:148,0
DA:156,1
DA:157,28
DA:162,28
DA:163,28
DA:164,28
DA:167,1
LF:83
LH:69
BRDA:10,1,0,49
BRDA:10,1,1,49
BRDA:10,1,2,27
BRDA:11,2,0,36
BRDA:11,2,1,13
BRDA:13,3,0,0
BRDA:13,3,1,36
BRDA:24,4,0,2
BRDA:24,4,1,4
BRDA:30,5,0,3
BRDA:30,5,1,1
BRDA:38,6,0,3
BRDA:38,6,1,0
BRDA:39,7,0,3
BRDA:39,7,1,3
BRDA:46,8,0,0
BRDA:46,8,1,3
BRDA:62,9,0,0
BRDA:62,9,1,1
BRDA:75,10,0,1
BRDA:75,10,1,1
BRDA:84,11,0,1
BRDA:84,11,1,2
BRDA:88,12,0,1
BRDA:88,12,1,1
BRDA:88,13,0,2
BRDA:88,13,1,1
BRDA:93,14,0,1
BRDA:93,14,1,1
BRDA:94,15,0,1
BRDA:94,15,1,1
BRDA:95,16,0,1
BRDA:95,16,1,1
BRDA:96,17,0,1
BRDA:96,17,1,0
BRDA:99,18,0,1
BRDA:99,18,1,0
BRDA:100,19,0,1
BRDA:100,19,1,1
BRDA:106,20,0,0
BRDA:106,20,1,1
BRDA:119,21,0,0
BRDA:119,21,1,1
BRDA:127,22,0,0
BRDA:127,22,1,29
BRDA:130,23,0,28
BRDA:130,23,1,1
BRDA:143,24,0,0
BRDA:143,24,1,0
BRDA:143,24,2,0
BRDA:144,25,0,0
BRDA:144,25,1,0
BRF:52
BRH:38
end_of_record
TN:
SF:/Users/riwhiz/Desktop/Projects/Checkpoint_3/server/models/user.js
FNF:0
FNH:0
DA:1,1
DA:2,1
DA:4,1
DA:6,1
DA:18,1
DA:19,4
DA:23,1
DA:25,29
DA:28,1
LF:9
LH:9
BRF:0
BRH:0
end_of_record
TN:
SF:/Users/riwhiz/Desktop/Projects/Checkpoint_3/server/routes/document.js
FNF:0
FNH:0
DA:2,1
DA:3,1
DA:4,1
DA:12,1
DA:14,13
DA:15,13
DA:16,13
DA:19,1
DA:25,1
DA:34,1
LF:10
LH:10
BRF:0
BRH:0
end_of_record
TN:
SF:/Users/riwhiz/Desktop/Projects/Checkpoint_3/server/controllers/document.js
FNF:0
FNH:0
DA:1,1
DA:2,1
DA:4,1
DA:6,1
DA:7,1
DA:8,0
DA:10,1
DA:11,1
DA:12,1
DA:13,1
DA:14,1
DA:16,1
DA:17,1
DA:18,1
DA:20,0
DA:21,0
DA:25,1
DA:26,1
DA:27,0
DA:29,1
DA:36,6
DA:37,6
DA:38,0
DA:40,6
DA:41,6
DA:42,6
DA:43,6
DA:44,6
DA:45,6
DA:47,6
DA:48,4
DA:49,1
DA:50,1
DA:51,1
DA:52,1
DA:54,1
DA:56,4
DA:57,2
DA:58,0
DA:59,0
DA:61,0
DA:66,2
DA:70,6
DA:73,6
DA:74,6
DA:79,1
DA:80,1
DA:81,0
DA:83,1
DA:87,3
DA:88,3
DA:89,1
DA:91,2
DA:92,2
DA:94,2
DA:95,2
DA:96,0
DA:98,2
DA:99,1
DA:102,1
DA:103,1
DA:104,1
DA:105,1
DA:106,1
DA:107,1
DA:109,0
DA:112,1
DA:113,1
DA:114,0
DA:116,1
DA:121,2
DA:122,2
DA:123,1
DA:125,1
DA:128,1
DA:129,0
DA:131,1
DA:136,1
LF:78
LH:65
BRDA:7,1,0,0
BRDA:7,1,1,1
BRDA:16,2,0,1
BRDA:16,2,1,0
BRDA:17,3,0,1
BRDA:17,3,1,1
BRDA:26,4,0,0
BRDA:26,4,1,1
BRDA:37,5,0,0
BRDA:37,5,1,6
BRDA:42,6,0,6
BRDA:42,6,1,6
BRDA:42,6,2,0
BRDA:43,7,0,6
BRDA:43,7,1,6
BRDA:43,7,2,2
BRDA:44,8,0,6
BRDA:44,8,1,6
BRDA:44,8,2,5
BRDA:47,9,0,4
BRDA:47,9,1,2
BRDA:48,10,0,1
BRDA:48,10,1,3
BRDA:57,11,0,0
BRDA:57,11,1,2
BRDA:73,12,0,6
BRDA:73,12,1,0
BRDA:80,13,0,0
BRDA:80,13,1,1
BRDA:88,14,0,1
BRDA:88,14,1,2
BRDA:95,15,0,0
BRDA:95,15,1,2
BRDA:95,16,0,2
BRDA:95,16,1,2
BRDA:98,17,0,1
BRDA:98,17,1,1
BRDA:106,18,0,1
BRDA:106,18,1,0
BRDA:113,19,0,0
BRDA:113,19,1,1
BRDA:122,20,0,1
BRDA:122,20,1,1
BRDA:128,21,0,0
BRDA:128,21,1,1
BRF:45
BRH:33
end_of_record
TN:
SF:/Users/riwhiz/Desktop/Projects/Checkpoint_3/server/models/document.js
FNF:0
FNH:0
DA:1,1
DA:2,1
DA:4,1
DA:6,1
DA:14,1
DA:15,1
LF:6
LH:6
BRF:0
BRH:0
end_of_record
TN:
SF:/Users/riwhiz/Desktop/Projects/Checkpoint_3/server/routes/roles.js
FNF:0
FNH:0
DA:1,1
DA:2,1
DA:12,1
DA:17,1
LF:4
LH:4
BRF:0
BRH:0
end_of_record
TN:
SF:/Users/riwhiz/Desktop/Projects/Checkpoint_3/server/controllers/roles.js
FNF:0
FNH:0
DA:1,1
DA:2,1
DA:5,1
DA:7,2
DA:8,2
DA:9,0
DA:11,2
DA:13,2
DA:14,2
DA:15,2
DA:16,1
DA:17,1
DA:19,1
DA:20,1
DA:21,0
DA:23,1
DA:26,1
DA:30,0
DA:34,1
DA:35,1
DA:36,0
DA:38,1
DA:42,1
LF:23
LH:19
BRDA:8,1,0,0
BRDA:8,1,1,2
BRDA:13,2,0,2
BRDA:13,2,1,0
BRDA:15,3,0,1
BRDA:15,3,1,1
BRDA:20,4,0,0
BRDA:20,4,1,1
BRDA:35,5,0,0
BRDA:35,5,1,1
BRF:10
BRH:6
end_of_record
TN:
SF:/Users/riwhiz/Desktop/Projects/Checkpoint_3/server/models/roles.js
FNF:0
FNH:0
DA:1,1
DA:3,1
DA:5,1
DA:9,1
LF:4
LH:4
BRF:0
BRH:0
end_of_record
