TN:
SF:/Users/riwhiz/Desktop/Projects/Checkpoint_3/server.js
FNF:0
FNH:0
DA:2,1
DA:3,1
DA:4,1
DA:5,1
DA:6,1
DA:7,1
DA:9,1
DA:11,1
DA:13,1
DA:14,1
DA:15,1
DA:16,1
DA:19,1
DA:20,1
DA:24,1
DA:25,1
DA:26,1
DA:27,1
DA:28,1
DA:33,1
DA:34,1
DA:35,1
DA:37,1
DA:40,1
DA:44,1
DA:45,1
DA:47,1
LF:27
LH:27
BRDA:11,1,0,1
BRDA:11,1,1,1
BRF:2
BRH:2
end_of_record
TN:
SF:/Users/riwhiz/Desktop/Projects/Checkpoint_3/server/routes/index.js
FNF:0
FNH:0
DA:1,1
DA:2,1
DA:3,1
DA:5,1
DA:6,1
DA:7,1
DA:8,1
DA:11,1
LF:8
LH:8
BRF:0
BRH:0
end_of_record
TN:
SF:/Users/riwhiz/Desktop/Projects/Checkpoint_3/server/routes/user.js
FNF:0
FNH:0
DA:2,1
DA:3,1
DA:5,1
DA:15,1
DA:18,1
DA:20,0
DA:21,0
DA:22,0
DA:31,1
DA:34,1
DA:39,1
DA:44,1
LF:12
LH:9
BRF:0
BRH:0
end_of_record
TN:
SF:/Users/riwhiz/Desktop/Projects/Checkpoint_3/server/controllers/user.js
FN:156,generateToken
FNF:1
FNH:1
FNDA:4,generateToken
DA:1,1
DA:2,1
DA:3,1
DA:5,1
DA:7,1
DA:10,3
DA:11,3
DA:12,3
DA:13,3
DA:14,0
DA:15,0
DA:17,3
DA:19,0
DA:20,0
DA:23,0
DA:24,0
DA:25,0
DA:27,0
DA:29,0
DA:30,0
DA:31,0
DA:33,0
DA:34,0
DA:35,0
DA:36,0
DA:37,0
DA:38,0
DA:39,0
DA:41,0
DA:45,0
DA:46,0
DA:47,0
DA:52,0
DA:56,0
DA:61,0
DA:62,0
DA:63,0
DA:65,0
DA:74,0
DA:75,0
DA:76,0
DA:78,0
DA:82,0
DA:83,0
DA:84,0
DA:85,0
DA:87,0
DA:88,0
DA:89,0
DA:93,0
DA:94,0
DA:95,0
DA:96,0
DA:97,0
DA:99,0
DA:100,0
DA:102,0
DA:105,0
DA:106,0
DA:107,0
DA:109,0
DA:116,0
DA:119,0
DA:120,0
DA:122,0
DA:126,4
DA:127,4
DA:128,0
DA:130,4
DA:131,4
DA:133,4
DA:137,0
DA:143,0
DA:144,0
DA:145,0
DA:146,0
DA:148,0
DA:156,1
DA:157,4
DA:162,4
DA:163,4
DA:164,4
DA:167,1
LF:83
LH:21
BRDA:10,1,0,3
BRDA:10,1,1,3
BRDA:10,1,2,2
BRDA:11,2,0,3
BRDA:11,2,1,0
BRDA:13,3,0,0
BRDA:13,3,1,3
BRDA:24,4,0,0
BRDA:24,4,1,0
BRDA:30,5,0,0
BRDA:30,5,1,0
BRDA:38,6,0,0
BRDA:38,6,1,0
BRDA:39,7,0,0
BRDA:39,7,1,0
BRDA:46,8,0,0
BRDA:46,8,1,0
BRDA:62,9,0,0
BRDA:62,9,1,0
BRDA:75,10,0,0
BRDA:75,10,1,0
BRDA:84,11,0,0
BRDA:84,11,1,0
BRDA:88,12,0,0
BRDA:88,12,1,0
BRDA:88,13,0,0
BRDA:88,13,1,0
BRDA:93,14,0,0
BRDA:93,14,1,0
BRDA:94,15,0,0
BRDA:94,15,1,0
BRDA:95,16,0,0
BRDA:95,16,1,0
BRDA:96,17,0,0
BRDA:96,17,1,0
BRDA:99,18,0,0
BRDA:99,18,1,0
BRDA:100,19,0,0
BRDA:100,19,1,0
BRDA:106,20,0,0
BRDA:106,20,1,0
BRDA:119,21,0,0
BRDA:119,21,1,0
BRDA:127,22,0,0
BRDA:127,22,1,4
BRDA:130,23,0,4
BRDA:130,23,1,0
BRDA:143,24,0,0
BRDA:143,24,1,0
BRDA:143,24,2,0
BRDA:144,25,0,0
BRDA:144,25,1,0
BRF:52
BRH:7
end_of_record
TN:
SF:/Users/riwhiz/Desktop/Projects/Checkpoint_3/server/models/user.js
FNF:0
FNH:0
DA:1,1
DA:2,1
DA:4,1
DA:6,1
DA:18,1
DA:19,0
DA:23,1
DA:25,4
DA:28,1
LF:9
LH:8
BRF:0
BRH:0
end_of_record
TN:
SF:/Users/riwhiz/Desktop/Projects/Checkpoint_3/server/routes/document.js
FNF:0
FNH:0
DA:2,1
DA:3,1
DA:4,1
DA:12,1
DA:14,0
DA:15,0
DA:16,0
DA:19,1
DA:25,1
DA:34,1
LF:10
LH:7
BRF:0
BRH:0
end_of_record
TN:
SF:/Users/riwhiz/Desktop/Projects/Checkpoint_3/server/controllers/document.js
FNF:0
FNH:0
DA:1,1
DA:2,1
DA:4,1
DA:6,0
DA:7,0
DA:8,0
DA:10,0
DA:11,0
DA:12,0
DA:13,0
DA:14,0
DA:16,0
DA:17,0
DA:18,0
DA:20,0
DA:21,0
DA:25,0
DA:26,0
DA:27,0
DA:29,0
DA:36,0
DA:37,0
DA:38,0
DA:40,0
DA:41,0
DA:42,0
DA:43,0
DA:44,0
DA:45,0
DA:47,0
DA:48,0
DA:49,0
DA:50,0
DA:51,0
DA:52,0
DA:54,0
DA:56,0
DA:57,0
DA:58,0
DA:59,0
DA:61,0
DA:66,0
DA:70,0
DA:73,0
DA:74,0
DA:79,0
DA:80,0
DA:81,0
DA:83,0
DA:87,0
DA:88,0
DA:89,0
DA:91,0
DA:92,0
DA:94,0
DA:95,0
DA:96,0
DA:98,0
DA:99,0
DA:102,0
DA:103,0
DA:104,0
DA:105,0
DA:106,0
DA:107,0
DA:109,0
DA:112,0
DA:113,0
DA:114,0
DA:116,0
DA:121,0
DA:122,0
DA:123,0
DA:125,0
DA:128,0
DA:129,0
DA:131,0
DA:136,1
LF:78
LH:4
BRDA:7,1,0,0
BRDA:7,1,1,0
BRDA:16,2,0,0
BRDA:16,2,1,0
BRDA:17,3,0,0
BRDA:17,3,1,0
BRDA:26,4,0,0
BRDA:26,4,1,0
BRDA:37,5,0,0
BRDA:37,5,1,0
BRDA:42,6,0,0
BRDA:42,6,1,0
BRDA:42,6,2,0
BRDA:43,7,0,0
BRDA:43,7,1,0
BRDA:43,7,2,0
BRDA:44,8,0,0
BRDA:44,8,1,0
BRDA:44,8,2,0
BRDA:47,9,0,0
BRDA:47,9,1,0
BRDA:48,10,0,0
BRDA:48,10,1,0
BRDA:57,11,0,0
BRDA:57,11,1,0
BRDA:73,12,0,0
BRDA:73,12,1,0
BRDA:80,13,0,0
BRDA:80,13,1,0
BRDA:88,14,0,0
BRDA:88,14,1,0
BRDA:95,15,0,0
BRDA:95,15,1,0
BRDA:95,16,0,0
BRDA:95,16,1,0
BRDA:98,17,0,0
BRDA:98,17,1,0
BRDA:106,18,0,0
BRDA:106,18,1,0
BRDA:113,19,0,0
BRDA:113,19,1,0
BRDA:122,20,0,0
BRDA:122,20,1,0
BRDA:128,21,0,0
BRDA:128,21,1,0
BRF:45
BRH:0
end_of_record
TN:
SF:/Users/riwhiz/Desktop/Projects/Checkpoint_3/server/models/document.js
FNF:0
FNH:0
DA:1,1
DA:2,1
DA:4,1
DA:6,1
DA:14,1
DA:15,1
LF:6
LH:6
BRF:0
BRH:0
end_of_record
TN:
SF:/Users/riwhiz/Desktop/Projects/Checkpoint_3/server/routes/roles.js
FNF:0
FNH:0
DA:1,1
DA:2,1
DA:5,1
DA:10,1
DA:14,1
LF:5
LH:5
BRF:0
BRH:0
end_of_record
TN:
SF:/Users/riwhiz/Desktop/Projects/Checkpoint_3/server/controllers/roles.js
FNF:0
FNH:0
DA:1,1
DA:2,1
DA:5,1
DA:7,2
DA:8,2
DA:9,0
DA:11,2
DA:13,2
DA:14,2
DA:15,2
DA:16,1
DA:17,1
DA:19,1
DA:20,1
DA:21,0
DA:23,1
DA:26,1
DA:30,0
DA:34,1
DA:35,1
DA:36,0
DA:38,1
DA:42,1
DA:43,1
DA:44,0
DA:46,1
DA:48,1
DA:49,1
DA:51,1
DA:52,1
DA:53,1
DA:56,0
DA:58,0
DA:59,0
DA:60,0
DA:62,0
DA:68,0
DA:69,0
DA:70,0
DA:72,0
DA:75,0
DA:76,0
DA:78,0
DA:82,1
LF:44
LH:27
BRDA:8,1,0,0
BRDA:8,1,1,2
BRDA:13,2,0,2
BRDA:13,2,1,0
BRDA:15,3,0,1
BRDA:15,3,1,1
BRDA:20,4,0,0
BRDA:20,4,1,1
BRDA:35,5,0,0
BRDA:35,5,1,1
BRDA:43,6,0,0
BRDA:43,6,1,1
BRDA:48,7,0,1
BRDA:48,7,1,0
BRDA:52,8,0,1
BRDA:52,8,1,0
BRDA:52,9,0,1
BRDA:52,9,1,1
BRDA:59,10,0,0
BRDA:59,10,1,0
BRDA:69,11,0,0
BRDA:69,11,1,0
BRDA:75,12,0,0
BRDA:75,12,1,0
BRF:24
BRH:11
end_of_record
TN:
SF:/Users/riwhiz/Desktop/Projects/Checkpoint_3/server/models/roles.js
FNF:0
FNH:0
DA:1,1
DA:3,1
DA:5,1
DA:9,1
LF:4
LH:4
BRF:0
BRH:0
end_of_record
